#-----------------------------------------------------------
# Webtalk v2017.4.1 (64-bit)
# SW Build 2117270 on Tue Jan 30 15:32:00 MST 2018
# 
# Start of session at: Mon Oct 22 14:28:43 2018
# Process ID: 14952
# Current directory: E:/vivado2017.4/KC705+AD9371/AD9371_TEST/hdl-hdl_2018_r1/projects/adrv9371x/kcu105/adrv9371x_kcu105.sdk/webtalk
# Command line: wbtcv.exe -mode batch -source sdk_webtalk.tcl
# Log file: E:/vivado2017.4/KC705+AD9371/AD9371_TEST/hdl-hdl_2018_r1/projects/adrv9371x/kcu105/adrv9371x_kcu105.sdk/webtalk/webtalk.log
# Journal file: E:/vivado2017.4/KC705+AD9371/AD9371_TEST/hdl-hdl_2018_r1/projects/adrv9371x/kcu105/adrv9371x_kcu105.sdk/webtalk\webtalk.jou
#-----------------------------------------------------------
source sdk_webtalk.tcl
# webtalk_init -webtalk_dir E:\\vivado2017.4\\KC705+AD9371\\AD9371_TEST\\hdl-hdl_2018_r1\\projects\\adrv9371x\\kcu105\\adrv9371x_kcu105.sdk\\webtalk
# webtalk_register_client -client project
# webtalk_add_data -client project -key date_generated -value "2018-10-22 14:28:35" -context "software_version_and_target_device"
# webtalk_add_data -client project -key product_version -value "SDK v2017.4" -context "software_version_and_target_device"
# webtalk_add_data -client project -key build_version -value "2017.4" -context "software_version_and_target_device"
# webtalk_add_data -client project -key os_platform -value "amd64" -context "software_version_and_target_device"
# webtalk_add_data -client project -key registration_id -value "" -context "software_version_and_target_device"
# webtalk_add_data -client project -key tool_flow -value "SDK" -context "software_version_and_target_device"
# webtalk_add_data -client project -key beta -value "false" -context "software_version_and_target_device"
# webtalk_add_data -client project -key route_design -value "NA" -context "software_version_and_target_device"
# webtalk_add_data -client project -key target_family -value "NA" -context "software_version_and_target_device"
# webtalk_add_data -client project -key target_device -value "NA" -context "software_version_and_target_device"
# webtalk_add_data -client project -key target_package -value "NA" -context "software_version_and_target_device"
# webtalk_add_data -client project -key target_speed -value "NA" -context "software_version_and_target_device"
# webtalk_add_data -client project -key random_id -value "luqlqb49gad6a63q0s1fn5b9el" -context "software_version_and_target_device"
# webtalk_add_data -client project -key project_id -value "2017.4_4" -context "software_version_and_target_device"
# webtalk_add_data -client project -key project_iteration -value "4" -context "software_version_and_target_device"
# webtalk_add_data -client project -key os_name -value "Microsoft Windows 8 or later , 64-bit" -context "user_environment"
# webtalk_add_data -client project -key os_release -value "major release  (build 9200)" -context "user_environment"
# webtalk_add_data -client project -key cpu_name -value "Intel(R) Core(TM) i7-8550U CPU @ 1.80GHz" -context "user_environment"
# webtalk_add_data -client project -key cpu_speed -value "1992 MHz" -context "user_environment"
# webtalk_add_data -client project -key total_processors -value "1" -context "user_environment"
# webtalk_add_data -client project -key system_ram -value "8.467 GB" -context "user_environment"
# webtalk_register_client -client sdk
# webtalk_add_data -client sdk -key uid -value "1540174469851" -context "sdk\\\\hardware/1540174469851"
# webtalk_add_data -client sdk -key isZynq -value "false" -context "sdk\\\\hardware/1540174469851"
# webtalk_add_data -client sdk -key isZynqMP -value "false" -context "sdk\\\\hardware/1540174469851"
# webtalk_add_data -client sdk -key Processors -value "1" -context "sdk\\\\hardware/1540174469851"
# webtalk_add_data -client sdk -key VivadoVersion -value "2017.4.1" -context "sdk\\\\hardware/1540174469851"
# webtalk_add_data -client sdk -key Arch -value "kintex7" -context "sdk\\\\hardware/1540174469851"
# webtalk_add_data -client sdk -key Device -value "7k325t" -context "sdk\\\\hardware/1540174469851"
# webtalk_add_data -client sdk -key IsHandoff -value "true" -context "sdk\\\\hardware/1540174469851"
# webtalk_add_data -client sdk -key os -value "NA" -context "sdk\\\\hardware/1540174469851"
# webtalk_add_data -client sdk -key apptemplate -value "NA" -context "sdk\\\\hardware/1540174469851"
# webtalk_add_data -client sdk -key RecordType -value "HWCreation" -context "sdk\\\\hardware/1540174469851"
# webtalk_add_data -client sdk -key uid -value "1540174484686" -context "sdk\\\\bsp/1540174484686"
# webtalk_add_data -client sdk -key hwid -value "1540174469851" -context "sdk\\\\bsp/1540174484686"
# webtalk_add_data -client sdk -key os -value "standalone" -context "sdk\\\\bsp/1540174484686"
# webtalk_add_data -client sdk -key apptemplate -value "memory_tests" -context "sdk\\\\bsp/1540174484686"
# webtalk_add_data -client sdk -key RecordType -value "BSPCreation" -context "sdk\\\\bsp/1540174484686"
# webtalk_add_data -client sdk -key uid -value "1540174517049" -context "sdk\\\\application/1540174517049"
# webtalk_add_data -client sdk -key hwid -value "1540174469851" -context "sdk\\\\application/1540174517049"
# webtalk_add_data -client sdk -key bspid -value "1540174484686" -context "sdk\\\\application/1540174517049"
# webtalk_add_data -client sdk -key newbsp -value "true" -context "sdk\\\\application/1540174517049"
# webtalk_add_data -client sdk -key os -value "standalone" -context "sdk\\\\application/1540174517049"
# webtalk_add_data -client sdk -key apptemplate -value "memory_tests" -context "sdk\\\\application/1540174517049"
# webtalk_add_data -client sdk -key RecordType -value "APPCreation" -context "sdk\\\\application/1540174517049"
# webtalk_add_data -client sdk -key LangUsed -value "C" -context "sdk\\\\application/1540174517049"
# webtalk_add_data -client sdk -key Procused -value "microblaze" -context "sdk\\\\application/1540174517049"
# webtalk_add_data -client sdk -key projSize -value "106.0234375" -context "sdk\\\\application/1540174517049"
# webtalk_add_data -client sdk -key uid -value "NA" -context "sdk\\\\bsp/1540189714807"
# webtalk_add_data -client sdk -key RecordType -value "ToolUsage" -context "sdk\\\\bsp/1540189714807"
# webtalk_add_data -client sdk -key BootgenCount -value "0" -context "sdk\\\\bsp/1540189714807"
# webtalk_add_data -client sdk -key DebugCount -value "0" -context "sdk\\\\bsp/1540189714807"
# webtalk_add_data -client sdk -key PerfCount -value "0" -context "sdk\\\\bsp/1540189714807"
# webtalk_add_data -client sdk -key FlashCount -value "0" -context "sdk\\\\bsp/1540189714807"
# webtalk_add_data -client sdk -key CrossTriggCount -value "0" -context "sdk\\\\bsp/1540189714807"
# webtalk_add_data -client sdk -key QemuDebugCount -value "0" -context "sdk\\\\bsp/1540189714807"
# webtalk_transmit -clientid 1646022553 -regid "" -xml E:\\vivado2017.4\\KC705+AD9371\\AD9371_TEST\\hdl-hdl_2018_r1\\projects\\adrv9371x\\kcu105\\adrv9371x_kcu105.sdk\\webtalk\\usage_statistics_ext_sdk.xml -html E:\\vivado2017.4\\KC705+AD9371\\AD9371_TEST\\hdl-hdl_2018_r1\\projects\\adrv9371x\\kcu105\\adrv9371x_kcu105.sdk\\webtalk\\usage_statistics_ext_sdk.html -wdm E:\\vivado2017.4\\KC705+AD9371\\AD9371_TEST\\hdl-hdl_2018_r1\\projects\\adrv9371x\\kcu105\\adrv9371x_kcu105.sdk\\webtalk\\sdk_webtalk.wdm -intro "<H3>SDK Usage Report</H3><BR>"
webtalk_transmit: Time (s): cpu = 00:00:00 ; elapsed = 00:00:07 . Memory (MB): peak = 51.449 ; gain = 0.172
# webtalk_terminate
INFO: [Common 17-206] Exiting Webtalk at Mon Oct 22 14:28:50 2018...
