#-----------------------------------------------------------
# Webtalk v2017.4.1 (64-bit)
# SW Build 2117270 on Tue Jan 30 15:32:00 MST 2018
# 
# Start of session at: Thu Oct 18 19:43:02 2018
# Process ID: 14128
# Current directory: E:/ad9371_22222/AD9371_TEST/hdl-hdl_2018_r1/projects/adrv9371x/kcu105/adrv9371x_kcu105.sdk/webtalk
# Command line: wbtcv.exe -mode batch -source sdk_webtalk.tcl
# Log file: E:/ad9371_22222/AD9371_TEST/hdl-hdl_2018_r1/projects/adrv9371x/kcu105/adrv9371x_kcu105.sdk/webtalk/webtalk.log
# Journal file: E:/ad9371_22222/AD9371_TEST/hdl-hdl_2018_r1/projects/adrv9371x/kcu105/adrv9371x_kcu105.sdk/webtalk\webtalk.jou
#-----------------------------------------------------------
source sdk_webtalk.tcl
# webtalk_init -webtalk_dir E:\\ad9371_22222\\AD9371_TEST\\hdl-hdl_2018_r1\\projects\\adrv9371x\\kcu105\\adrv9371x_kcu105.sdk\\webtalk
# webtalk_register_client -client project
# webtalk_add_data -client project -key date_generated -value "2018-10-18 19:42:59" -context "software_version_and_target_device"
# webtalk_add_data -client project -key product_version -value "SDK v2017.4" -context "software_version_and_target_device"
# webtalk_add_data -client project -key build_version -value "2017.4" -context "software_version_and_target_device"
# webtalk_add_data -client project -key os_platform -value "amd64" -context "software_version_and_target_device"
# webtalk_add_data -client project -key registration_id -value "" -context "software_version_and_target_device"
# webtalk_add_data -client project -key tool_flow -value "SDK" -context "software_version_and_target_device"
# webtalk_add_data -client project -key beta -value "false" -context "software_version_and_target_device"
# webtalk_add_data -client project -key route_design -value "NA" -context "software_version_and_target_device"
# webtalk_add_data -client project -key target_family -value "NA" -context "software_version_and_target_device"
# webtalk_add_data -client project -key target_device -value "NA" -context "software_version_and_target_device"
# webtalk_add_data -client project -key target_package -value "NA" -context "software_version_and_target_device"
# webtalk_add_data -client project -key target_speed -value "NA" -context "software_version_and_target_device"
# webtalk_add_data -client project -key random_id -value "n2s639olfpl1md7ltb2jgrvsct" -context "software_version_and_target_device"
# webtalk_add_data -client project -key project_id -value "2017.4_56" -context "software_version_and_target_device"
# webtalk_add_data -client project -key project_iteration -value "56" -context "software_version_and_target_device"
# webtalk_add_data -client project -key os_name -value "Microsoft Windows 7 , 64-bit" -context "user_environment"
# webtalk_add_data -client project -key os_release -value "Service Pack 1  (build 7601)" -context "user_environment"
# webtalk_add_data -client project -key cpu_name -value "Intel(R) Core(TM) i3-4370 CPU @ 3.80GHz" -context "user_environment"
# webtalk_add_data -client project -key cpu_speed -value "3791 MHz" -context "user_environment"
# webtalk_add_data -client project -key total_processors -value "1" -context "user_environment"
# webtalk_add_data -client project -key system_ram -value "12.794 GB" -context "user_environment"
# webtalk_register_client -client sdk
# webtalk_add_data -client sdk -key uid -value "1539858778056" -context "sdk\\\\hardware/1539858778056"
# webtalk_add_data -client sdk -key isZynq -value "false" -context "sdk\\\\hardware/1539858778056"
# webtalk_add_data -client sdk -key isZynqMP -value "false" -context "sdk\\\\hardware/1539858778056"
# webtalk_add_data -client sdk -key Processors -value "1" -context "sdk\\\\hardware/1539858778056"
# webtalk_add_data -client sdk -key VivadoVersion -value "2017.4.1" -context "sdk\\\\hardware/1539858778056"
# webtalk_add_data -client sdk -key Arch -value "kintex7" -context "sdk\\\\hardware/1539858778056"
# webtalk_add_data -client sdk -key Device -value "7k325t" -context "sdk\\\\hardware/1539858778056"
# webtalk_add_data -client sdk -key IsHandoff -value "true" -context "sdk\\\\hardware/1539858778056"
# webtalk_add_data -client sdk -key os -value "NA" -context "sdk\\\\hardware/1539858778056"
# webtalk_add_data -client sdk -key apptemplate -value "NA" -context "sdk\\\\hardware/1539858778056"
# webtalk_add_data -client sdk -key RecordType -value "HWCreation" -context "sdk\\\\hardware/1539858778056"
# webtalk_add_data -client sdk -key uid -value "1539858900295" -context "sdk\\\\bsp/1539858900295"
# webtalk_add_data -client sdk -key hwid -value "1539858778056" -context "sdk\\\\bsp/1539858900295"
# webtalk_add_data -client sdk -key os -value "standalone" -context "sdk\\\\bsp/1539858900295"
# webtalk_add_data -client sdk -key apptemplate -value "memory_tests" -context "sdk\\\\bsp/1539858900295"
# webtalk_add_data -client sdk -key RecordType -value "BSPCreation" -context "sdk\\\\bsp/1539858900295"
# webtalk_add_data -client sdk -key uid -value "1539858915962" -context "sdk\\\\application/1539858915962"
# webtalk_add_data -client sdk -key hwid -value "1539858778056" -context "sdk\\\\application/1539858915962"
# webtalk_add_data -client sdk -key bspid -value "1539858900295" -context "sdk\\\\application/1539858915962"
# webtalk_add_data -client sdk -key newbsp -value "true" -context "sdk\\\\application/1539858915962"
# webtalk_add_data -client sdk -key os -value "standalone" -context "sdk\\\\application/1539858915962"
# webtalk_add_data -client sdk -key apptemplate -value "memory_tests" -context "sdk\\\\application/1539858915962"
# webtalk_add_data -client sdk -key RecordType -value "APPCreation" -context "sdk\\\\application/1539858915962"
# webtalk_add_data -client sdk -key LangUsed -value "C" -context "sdk\\\\application/1539858915962"
# webtalk_add_data -client sdk -key Procused -value "microblaze" -context "sdk\\\\application/1539858915962"
# webtalk_add_data -client sdk -key projSize -value "105.85546875" -context "sdk\\\\application/1539858915962"
# webtalk_add_data -client sdk -key uid -value "1539859984111" -context "sdk\\\\hardware/1539859984111"
# webtalk_add_data -client sdk -key isZynq -value "false" -context "sdk\\\\hardware/1539859984111"
# webtalk_add_data -client sdk -key isZynqMP -value "false" -context "sdk\\\\hardware/1539859984111"
# webtalk_add_data -client sdk -key Processors -value "1" -context "sdk\\\\hardware/1539859984111"
# webtalk_add_data -client sdk -key VivadoVersion -value "2017.4.1" -context "sdk\\\\hardware/1539859984111"
# webtalk_add_data -client sdk -key Arch -value "kintex7" -context "sdk\\\\hardware/1539859984111"
# webtalk_add_data -client sdk -key Device -value "7k325t" -context "sdk\\\\hardware/1539859984111"
# webtalk_add_data -client sdk -key IsHandoff -value "true" -context "sdk\\\\hardware/1539859984111"
# webtalk_add_data -client sdk -key os -value "NA" -context "sdk\\\\hardware/1539859984111"
# webtalk_add_data -client sdk -key apptemplate -value "NA" -context "sdk\\\\hardware/1539859984111"
# webtalk_add_data -client sdk -key RecordType -value "HWCreation" -context "sdk\\\\hardware/1539859984111"
# webtalk_add_data -client sdk -key uid -value "1539859998629" -context "sdk\\\\bsp/1539859998629"
# webtalk_add_data -client sdk -key hwid -value "1539859984111" -context "sdk\\\\bsp/1539859998629"
# webtalk_add_data -client sdk -key os -value "standalone" -context "sdk\\\\bsp/1539859998629"
# webtalk_add_data -client sdk -key apptemplate -value "empty_application" -context "sdk\\\\bsp/1539859998629"
# webtalk_add_data -client sdk -key RecordType -value "BSPCreation" -context "sdk\\\\bsp/1539859998629"
# webtalk_add_data -client sdk -key uid -value "1539860002524" -context "sdk\\\\application/1539860002524"
# webtalk_add_data -client sdk -key hwid -value "1539859984111" -context "sdk\\\\application/1539860002524"
# webtalk_add_data -client sdk -key bspid -value "1539859998629" -context "sdk\\\\application/1539860002524"
# webtalk_add_data -client sdk -key newbsp -value "true" -context "sdk\\\\application/1539860002524"
# webtalk_add_data -client sdk -key os -value "standalone" -context "sdk\\\\application/1539860002524"
# webtalk_add_data -client sdk -key apptemplate -value "empty_application" -context "sdk\\\\application/1539860002524"
# webtalk_add_data -client sdk -key RecordType -value "APPCreation" -context "sdk\\\\application/1539860002524"
# webtalk_add_data -client sdk -key LangUsed -value "C" -context "sdk\\\\application/1539860002524"
# webtalk_add_data -client sdk -key Procused -value "microblaze" -context "sdk\\\\application/1539860002524"
# webtalk_add_data -client sdk -key projSize -value "902.8125" -context "sdk\\\\application/1539860002524"
# webtalk_add_data -client sdk -key uid -value "NA" -context "sdk\\\\bsp/1539862979675"
# webtalk_add_data -client sdk -key RecordType -value "ToolUsage" -context "sdk\\\\bsp/1539862979675"
# webtalk_add_data -client sdk -key BootgenCount -value "0" -context "sdk\\\\bsp/1539862979675"
# webtalk_add_data -client sdk -key DebugCount -value "0" -context "sdk\\\\bsp/1539862979675"
# webtalk_add_data -client sdk -key PerfCount -value "0" -context "sdk\\\\bsp/1539862979675"
# webtalk_add_data -client sdk -key FlashCount -value "0" -context "sdk\\\\bsp/1539862979675"
# webtalk_add_data -client sdk -key CrossTriggCount -value "0" -context "sdk\\\\bsp/1539862979675"
# webtalk_add_data -client sdk -key QemuDebugCount -value "0" -context "sdk\\\\bsp/1539862979675"
# webtalk_transmit -clientid 1155077588 -regid "" -xml E:\\ad9371_22222\\AD9371_TEST\\hdl-hdl_2018_r1\\projects\\adrv9371x\\kcu105\\adrv9371x_kcu105.sdk\\webtalk\\usage_statistics_ext_sdk.xml -html E:\\ad9371_22222\\AD9371_TEST\\hdl-hdl_2018_r1\\projects\\adrv9371x\\kcu105\\adrv9371x_kcu105.sdk\\webtalk\\usage_statistics_ext_sdk.html -wdm E:\\ad9371_22222\\AD9371_TEST\\hdl-hdl_2018_r1\\projects\\adrv9371x\\kcu105\\adrv9371x_kcu105.sdk\\webtalk\\sdk_webtalk.wdm -intro "<H3>SDK Usage Report</H3><BR>"
webtalk_transmit: Time (s): cpu = 00:00:00 ; elapsed = 00:00:08 . Memory (MB): peak = 52.367 ; gain = 0.254
# webtalk_terminate
INFO: [Common 17-206] Exiting Webtalk at Thu Oct 18 19:43:27 2018...
