INFO: [VRFC 10-163] Analyzing VHDL file "E:/AD9371/hdl-hdl_2018_r1/projects/adrv9371x/kcu105/adrv9371x_kcu105.ip_user_files/bd/system/ip/system_sys_mb_0/sim/system_sys_mb_0.vhd" into library xil_defaultlib
INFO: [VRFC 10-307] analyzing entity system_sys_mb_0
INFO: [VRFC 10-163] Analyzing VHDL file "E:/AD9371/hdl-hdl_2018_r1/projects/adrv9371x/kcu105/adrv9371x_kcu105.ip_user_files/bd/system/ip/system_sys_dlmb_0/sim/system_sys_dlmb_0.vhd" into library xil_defaultlib
INFO: [VRFC 10-307] analyzing entity system_sys_dlmb_0
INFO: [VRFC 10-163] Analyzing VHDL file "E:/AD9371/hdl-hdl_2018_r1/projects/adrv9371x/kcu105/adrv9371x_kcu105.ip_user_files/bd/system/ip/system_sys_ilmb_0/sim/system_sys_ilmb_0.vhd" into library xil_defaultlib
INFO: [VRFC 10-307] analyzing entity system_sys_ilmb_0
INFO: [VRFC 10-163] Analyzing VHDL file "E:/AD9371/hdl-hdl_2018_r1/projects/adrv9371x/kcu105/adrv9371x_kcu105.ip_user_files/bd/system/ip/system_sys_dlmb_cntlr_0/sim/system_sys_dlmb_cntlr_0.vhd" into library xil_defaultlib
INFO: [VRFC 10-307] analyzing entity system_sys_dlmb_cntlr_0
INFO: [VRFC 10-163] Analyzing VHDL file "E:/AD9371/hdl-hdl_2018_r1/projects/adrv9371x/kcu105/adrv9371x_kcu105.ip_user_files/bd/system/ip/system_sys_ilmb_cntlr_0/sim/system_sys_ilmb_cntlr_0.vhd" into library xil_defaultlib
INFO: [VRFC 10-307] analyzing entity system_sys_ilmb_cntlr_0
INFO: [VRFC 10-163] Analyzing VHDL file "E:/AD9371/hdl-hdl_2018_r1/projects/adrv9371x/kcu105/adrv9371x_kcu105.ip_user_files/bd/system/ip/system_sys_mb_debug_0/sim/system_sys_mb_debug_0.vhd" into library xil_defaultlib
INFO: [VRFC 10-307] analyzing entity system_sys_mb_debug_0
INFO: [VRFC 10-163] Analyzing VHDL file "E:/AD9371/hdl-hdl_2018_r1/projects/adrv9371x/kcu105/adrv9371x_kcu105.ip_user_files/bd/system/ip/system_sys_rstgen_0/sim/system_sys_rstgen_0.vhd" into library xil_defaultlib
INFO: [VRFC 10-307] analyzing entity system_sys_rstgen_0
INFO: [VRFC 10-163] Analyzing VHDL file "E:/AD9371/hdl-hdl_2018_r1/projects/adrv9371x/kcu105/adrv9371x_kcu105.ip_user_files/bd/system/ip/system_axi_ddr_cntrl_rstgen_0/sim/system_axi_ddr_cntrl_rstgen_0.vhd" into library xil_defaultlib
INFO: [VRFC 10-307] analyzing entity system_axi_ddr_cntrl_rstgen_0
INFO: [VRFC 10-163] Analyzing VHDL file "E:/AD9371/hdl-hdl_2018_r1/projects/adrv9371x/kcu105/adrv9371x_kcu105.ip_user_files/bd/system/ip/system_axi_ethernet_0/bd_0/ip/ip_0/sim/bd_55cd_eth_buf_0.vhd" into library xil_defaultlib
INFO: [VRFC 10-307] analyzing entity bd_55cd_eth_buf_0
INFO: [VRFC 10-163] Analyzing VHDL file "E:/AD9371/hdl-hdl_2018_r1/projects/adrv9371x/kcu105/adrv9371x_kcu105.ip_user_files/bd/system/ip/system_axi_ethernet_0/bd_0/ip/ip_1/synth/bd_55cd_mac_0_axi4_lite_ipif_top.vhd" into library xil_defaultlib
INFO: [VRFC 10-307] analyzing entity bd_55cd_mac_0_axi4_lite_ipif_top
INFO: [VRFC 10-163] Analyzing VHDL file "E:/AD9371/hdl-hdl_2018_r1/projects/adrv9371x/kcu105/adrv9371x_kcu105.ip_user_files/bd/system/ip/system_axi_ethernet_0/bd_0/ip/ip_4/sim/bd_55cd_c_shift_ram_0_0.vhd" into library xil_defaultlib
INFO: [VRFC 10-307] analyzing entity bd_55cd_c_shift_ram_0_0
INFO: [VRFC 10-163] Analyzing VHDL file "E:/AD9371/hdl-hdl_2018_r1/projects/adrv9371x/kcu105/adrv9371x_kcu105.ip_user_files/bd/system/ip/system_axi_ethernet_0/bd_0/ip/ip_5/sim/bd_55cd_c_counter_binary_0_0.vhd" into library xil_defaultlib
INFO: [VRFC 10-307] analyzing entity bd_55cd_c_counter_binary_0_0
INFO: [VRFC 10-163] Analyzing VHDL file "E:/AD9371/hdl-hdl_2018_r1/projects/adrv9371x/kcu105/adrv9371x_kcu105.ip_user_files/bd/system/ip/system_axi_ethernet_dma_0/sim/system_axi_ethernet_dma_0.vhd" into library xil_defaultlib
INFO: [VRFC 10-307] analyzing entity system_axi_ethernet_dma_0
INFO: [VRFC 10-163] Analyzing VHDL file "E:/AD9371/hdl-hdl_2018_r1/projects/adrv9371x/kcu105/adrv9371x_kcu105.ip_user_files/bd/system/ip/system_axi_iic_main_0/sim/system_axi_iic_main_0.vhd" into library xil_defaultlib
INFO: [VRFC 10-307] analyzing entity system_axi_iic_main_0
INFO: [VRFC 10-163] Analyzing VHDL file "E:/AD9371/hdl-hdl_2018_r1/projects/adrv9371x/kcu105/adrv9371x_kcu105.ip_user_files/bd/system/ip/system_axi_uart_0/sim/system_axi_uart_0.vhd" into library xil_defaultlib
INFO: [VRFC 10-307] analyzing entity system_axi_uart_0
INFO: [VRFC 10-163] Analyzing VHDL file "E:/AD9371/hdl-hdl_2018_r1/projects/adrv9371x/kcu105/adrv9371x_kcu105.ip_user_files/bd/system/ip/system_axi_timer_0/sim/system_axi_timer_0.vhd" into library xil_defaultlib
INFO: [VRFC 10-307] analyzing entity system_axi_timer_0
INFO: [VRFC 10-163] Analyzing VHDL file "E:/AD9371/hdl-hdl_2018_r1/projects/adrv9371x/kcu105/adrv9371x_kcu105.ip_user_files/bd/system/ip/system_axi_spi_0/sim/system_axi_spi_0.vhd" into library xil_defaultlib
INFO: [VRFC 10-307] analyzing entity system_axi_spi_0
INFO: [VRFC 10-163] Analyzing VHDL file "E:/AD9371/hdl-hdl_2018_r1/projects/adrv9371x/kcu105/adrv9371x_kcu105.ip_user_files/bd/system/ip/system_axi_gpio_0/sim/system_axi_gpio_0.vhd" into library xil_defaultlib
INFO: [VRFC 10-307] analyzing entity system_axi_gpio_0
INFO: [VRFC 10-163] Analyzing VHDL file "E:/AD9371/hdl-hdl_2018_r1/projects/adrv9371x/kcu105/adrv9371x_kcu105.ip_user_files/bd/system/ip/system_axi_intc_0/sim/system_axi_intc_0.vhd" into library xil_defaultlib
INFO: [VRFC 10-307] analyzing entity system_axi_intc_0
INFO: [VRFC 10-163] Analyzing VHDL file "E:/AD9371/hdl-hdl_2018_r1/projects/adrv9371x/kcu105/adrv9371x_kcu105.ip_user_files/bd/system/ip/system_axi_ad9371_tx_jesd_rstgen_0/sim/system_axi_ad9371_tx_jesd_rstgen_0.vhd" into library xil_defaultlib
INFO: [VRFC 10-307] analyzing entity system_axi_ad9371_tx_jesd_rstgen_0
INFO: [VRFC 10-163] Analyzing VHDL file "E:/AD9371/hdl-hdl_2018_r1/projects/adrv9371x/kcu105/adrv9371x_kcu105.ip_user_files/bd/system/ip/system_axi_ad9371_rx_jesd_rstgen_0/sim/system_axi_ad9371_rx_jesd_rstgen_0.vhd" into library xil_defaultlib
INFO: [VRFC 10-307] analyzing entity system_axi_ad9371_rx_jesd_rstgen_0
INFO: [VRFC 10-163] Analyzing VHDL file "E:/AD9371/hdl-hdl_2018_r1/projects/adrv9371x/kcu105/adrv9371x_kcu105.ip_user_files/bd/system/ip/system_axi_ad9371_rx_os_jesd_rstgen_0/sim/system_axi_ad9371_rx_os_jesd_rstgen_0.vhd" into library xil_defaultlib
INFO: [VRFC 10-307] analyzing entity system_axi_ad9371_rx_os_jesd_rstgen_0
INFO: [VRFC 10-163] Analyzing VHDL file "E:/AD9371/hdl-hdl_2018_r1/projects/adrv9371x/kcu105/adrv9371x_kcu105.ip_user_files/bd/system/ip/system_sys_dma_rstgen_0/sim/system_sys_dma_rstgen_0.vhd" into library xil_defaultlib
INFO: [VRFC 10-307] analyzing entity system_sys_dma_rstgen_0
