INFO: [VRFC 10-2263] Analyzing Verilog file "E:/AD9371/hdl-hdl_2018_r1/projects/adrv9371x/kcu105/adrv9371x_kcu105.ip_user_files/bd/system/ip/system_axi_ethernet_0/bd_0/ip/ip_1/synth/common/bd_55cd_mac_0_block_sync_block.v" into library xil_defaultlib
INFO: [VRFC 10-311] analyzing module bd_55cd_mac_0_block_sync_block
INFO: [VRFC 10-2263] Analyzing Verilog file "E:/AD9371/hdl-hdl_2018_r1/projects/adrv9371x/kcu105/adrv9371x_kcu105.ip_user_files/bd/system/ip/system_axi_ethernet_0/bd_0/ip/ip_1/synth/bd_55cd_mac_0_axi4_lite_ipif_wrapper.v" into library xil_defaultlib
INFO: [VRFC 10-311] analyzing module bd_55cd_mac_0_axi4_lite_ipif_wrapper
INFO: [VRFC 10-2263] Analyzing Verilog file "E:/AD9371/hdl-hdl_2018_r1/projects/adrv9371x/kcu105/adrv9371x_kcu105.ip_user_files/bd/system/ip/system_axi_ethernet_0/bd_0/ip/ip_1/synth/statistics/bd_55cd_mac_0_vector_decode.v" into library xil_defaultlib
INFO: [VRFC 10-311] analyzing module bd_55cd_mac_0_vector_decode
INFO: [VRFC 10-2458] undeclared symbol multiple_attempt, assumed default net type wire [E:/AD9371/hdl-hdl_2018_r1/projects/adrv9371x/kcu105/adrv9371x_kcu105.ip_user_files/bd/system/ip/system_axi_ethernet_0/bd_0/ip/ip_1/synth/statistics/bd_55cd_mac_0_vector_decode.v:575]
INFO: [VRFC 10-2458] undeclared symbol single_attempt, assumed default net type wire [E:/AD9371/hdl-hdl_2018_r1/projects/adrv9371x/kcu105/adrv9371x_kcu105.ip_user_files/bd/system/ip/system_axi_ethernet_0/bd_0/ip/ip_1/synth/statistics/bd_55cd_mac_0_vector_decode.v:581]
INFO: [VRFC 10-2263] Analyzing Verilog file "E:/AD9371/hdl-hdl_2018_r1/projects/adrv9371x/kcu105/adrv9371x_kcu105.ip_user_files/bd/system/ip/system_axi_ethernet_0/bd_0/ip/ip_1/synth/bd_55cd_mac_0_block.v" into library xil_defaultlib
INFO: [VRFC 10-311] analyzing module bd_55cd_mac_0_block
INFO: [VRFC 10-2263] Analyzing Verilog file "E:/AD9371/hdl-hdl_2018_r1/projects/adrv9371x/kcu105/adrv9371x_kcu105.ip_user_files/bd/system/ip/system_axi_ethernet_0/bd_0/ip/ip_1/synth/bd_55cd_mac_0.v" into library xil_defaultlib
INFO: [VRFC 10-311] analyzing module bd_55cd_mac_0
INFO: [VRFC 10-2263] Analyzing Verilog file "E:/AD9371/hdl-hdl_2018_r1/projects/adrv9371x/kcu105/adrv9371x_kcu105.ip_user_files/bd/system/ip/system_axi_ethernet_0/bd_0/ip/ip_2/synth/bd_55cd_pcs_pma_0_sgmii_phy_clk_gen.v" into library xil_defaultlib
INFO: [VRFC 10-311] analyzing module bd_55cd_pcs_pma_0_sgmii_phy_clk_gen
INFO: [VRFC 10-2263] Analyzing Verilog file "E:/AD9371/hdl-hdl_2018_r1/projects/adrv9371x/kcu105/adrv9371x_kcu105.ip_user_files/bd/system/ip/system_axi_ethernet_0/bd_0/ip/ip_2/synth/bd_55cd_pcs_pma_0_sgmii_phy_reset_gen.v" into library xil_defaultlib
INFO: [VRFC 10-311] analyzing module bd_55cd_pcs_pma_0_sgmii_phy_reset_gen
INFO: [VRFC 10-2263] Analyzing Verilog file "E:/AD9371/hdl-hdl_2018_r1/projects/adrv9371x/kcu105/adrv9371x_kcu105.ip_user_files/bd/system/ip/system_axi_ethernet_0/bd_0/ip/ip_2/synth/bd_55cd_pcs_pma_0_idelayctrl.v" into library xil_defaultlib
INFO: [VRFC 10-311] analyzing module bd_55cd_pcs_pma_0_idelayctrl
INFO: [VRFC 10-2263] Analyzing Verilog file "E:/AD9371/hdl-hdl_2018_r1/projects/adrv9371x/kcu105/adrv9371x_kcu105.ip_user_files/bd/system/ip/system_axi_ethernet_0/bd_0/ip/ip_2/synth/bd_55cd_pcs_pma_0_support.v" into library xil_defaultlib
INFO: [VRFC 10-311] analyzing module bd_55cd_pcs_pma_0_support
INFO: [VRFC 10-2263] Analyzing Verilog file "E:/AD9371/hdl-hdl_2018_r1/projects/adrv9371x/kcu105/adrv9371x_kcu105.ip_user_files/bd/system/ip/system_axi_ethernet_0/bd_0/ip/ip_2/synth/bd_55cd_pcs_pma_0_reset_wtd_timer.v" into library xil_defaultlib
INFO: [VRFC 10-311] analyzing module bd_55cd_pcs_pma_0_reset_wtd_timer
INFO: [VRFC 10-2263] Analyzing Verilog file "E:/AD9371/hdl-hdl_2018_r1/projects/adrv9371x/kcu105/adrv9371x_kcu105.ip_user_files/bd/system/ip/system_axi_ethernet_0/bd_0/ip/ip_2/synth/sgmii_adapt/bd_55cd_pcs_pma_0_clk_gen.v" into library xil_defaultlib
INFO: [VRFC 10-311] analyzing module bd_55cd_pcs_pma_0_clk_gen
INFO: [VRFC 10-2263] Analyzing Verilog file "E:/AD9371/hdl-hdl_2018_r1/projects/adrv9371x/kcu105/adrv9371x_kcu105.ip_user_files/bd/system/ip/system_axi_ethernet_0/bd_0/ip/ip_2/synth/sgmii_adapt/bd_55cd_pcs_pma_0_johnson_cntr.v" into library xil_defaultlib
INFO: [VRFC 10-311] analyzing module bd_55cd_pcs_pma_0_johnson_cntr
INFO: [VRFC 10-2263] Analyzing Verilog file "E:/AD9371/hdl-hdl_2018_r1/projects/adrv9371x/kcu105/adrv9371x_kcu105.ip_user_files/bd/system/ip/system_axi_ethernet_0/bd_0/ip/ip_2/synth/bd_55cd_pcs_pma_0_reset_sync.v" into library xil_defaultlib
INFO: [VRFC 10-311] analyzing module bd_55cd_pcs_pma_0_reset_sync
INFO: [VRFC 10-2263] Analyzing Verilog file "E:/AD9371/hdl-hdl_2018_r1/projects/adrv9371x/kcu105/adrv9371x_kcu105.ip_user_files/bd/system/ip/system_axi_ethernet_0/bd_0/ip/ip_2/synth/sgmii_adapt/bd_55cd_pcs_pma_0_rx_rate_adapt.v" into library xil_defaultlib
INFO: [VRFC 10-311] analyzing module bd_55cd_pcs_pma_0_rx_rate_adapt
INFO: [VRFC 10-2263] Analyzing Verilog file "E:/AD9371/hdl-hdl_2018_r1/projects/adrv9371x/kcu105/adrv9371x_kcu105.ip_user_files/bd/system/ip/system_axi_ethernet_0/bd_0/ip/ip_2/synth/sgmii_adapt/bd_55cd_pcs_pma_0_sgmii_adapt.v" into library xil_defaultlib
INFO: [VRFC 10-311] analyzing module bd_55cd_pcs_pma_0_sgmii_adapt
INFO: [VRFC 10-2263] Analyzing Verilog file "E:/AD9371/hdl-hdl_2018_r1/projects/adrv9371x/kcu105/adrv9371x_kcu105.ip_user_files/bd/system/ip/system_axi_ethernet_0/bd_0/ip/ip_2/synth/bd_55cd_pcs_pma_0_sync_block.v" into library xil_defaultlib
INFO: [VRFC 10-311] analyzing module bd_55cd_pcs_pma_0_sync_block
INFO: [VRFC 10-2263] Analyzing Verilog file "E:/AD9371/hdl-hdl_2018_r1/projects/adrv9371x/kcu105/adrv9371x_kcu105.ip_user_files/bd/system/ip/system_axi_ethernet_0/bd_0/ip/ip_2/synth/sgmii_adapt/bd_55cd_pcs_pma_0_tx_rate_adapt.v" into library xil_defaultlib
INFO: [VRFC 10-311] analyzing module bd_55cd_pcs_pma_0_tx_rate_adapt
INFO: [VRFC 10-2263] Analyzing Verilog file "E:/AD9371/hdl-hdl_2018_r1/projects/adrv9371x/kcu105/adrv9371x_kcu105.ip_user_files/bd/system/ip/system_axi_ethernet_0/bd_0/ip/ip_2/synth/lvds_transceiver/bd_55cd_pcs_pma_0_gearbox_10b_6b.v" into library xil_defaultlib
INFO: [VRFC 10-311] analyzing module bd_55cd_pcs_pma_0_gearbox_10b_6b
INFO: [VRFC 10-2263] Analyzing Verilog file "E:/AD9371/hdl-hdl_2018_r1/projects/adrv9371x/kcu105/adrv9371x_kcu105.ip_user_files/bd/system/ip/system_axi_ethernet_0/bd_0/ip/ip_2/synth/lvds_transceiver/bd_55cd_pcs_pma_0_gearbox_6b_10b.v" into library xil_defaultlib
INFO: [VRFC 10-311] analyzing module bd_55cd_pcs_pma_0_gearbox_6b_10b
INFO: [VRFC 10-2263] Analyzing Verilog file "E:/AD9371/hdl-hdl_2018_r1/projects/adrv9371x/kcu105/adrv9371x_kcu105.ip_user_files/bd/system/ip/system_axi_ethernet_0/bd_0/ip/ip_2/synth/lvds_transceiver/bd_55cd_pcs_pma_0_sgmii_eye_monitor.v" into library xil_defaultlib
INFO: [VRFC 10-311] analyzing module bd_55cd_pcs_pma_0_sgmii_eye_monitor
INFO: [VRFC 10-2263] Analyzing Verilog file "E:/AD9371/hdl-hdl_2018_r1/projects/adrv9371x/kcu105/adrv9371x_kcu105.ip_user_files/bd/system/ip/system_axi_ethernet_0/bd_0/ip/ip_2/synth/lvds_transceiver/bd_55cd_pcs_pma_0_sgmii_phy_calibration.v" into library xil_defaultlib
INFO: [VRFC 10-311] analyzing module bd_55cd_pcs_pma_0_sgmii_phy_calibration
INFO: [VRFC 10-2263] Analyzing Verilog file "E:/AD9371/hdl-hdl_2018_r1/projects/adrv9371x/kcu105/adrv9371x_kcu105.ip_user_files/bd/system/ip/system_axi_ethernet_0/bd_0/ip/ip_2/synth/lvds_transceiver/bd_55cd_pcs_pma_0_sgmii_comma_alignment.v" into library xil_defaultlib
INFO: [VRFC 10-311] analyzing module bd_55cd_pcs_pma_0_sgmii_comma_alignment
INFO: [VRFC 10-2263] Analyzing Verilog file "E:/AD9371/hdl-hdl_2018_r1/projects/adrv9371x/kcu105/adrv9371x_kcu105.ip_user_files/bd/system/ip/system_axi_ethernet_0/bd_0/ip/ip_2/synth/sgmii_lvds_transceiver/bd_55cd_pcs_pma_0_decode_8b10b_lut_base.v" into library xil_defaultlib
INFO: [VRFC 10-311] analyzing module bd_55cd_pcs_pma_0_decode_8b10b_lut_base
INFO: [VRFC 10-2263] Analyzing Verilog file "E:/AD9371/hdl-hdl_2018_r1/projects/adrv9371x/kcu105/adrv9371x_kcu105.ip_user_files/bd/system/ip/system_axi_ethernet_0/bd_0/ip/ip_2/synth/sgmii_lvds_transceiver/bd_55cd_pcs_pma_0_encode_8b10b_lut_base.v" into library xil_defaultlib
INFO: [VRFC 10-311] analyzing module bd_55cd_pcs_pma_0_encode_8b10b_lut_base
INFO: [VRFC 10-2263] Analyzing Verilog file "E:/AD9371/hdl-hdl_2018_r1/projects/adrv9371x/kcu105/adrv9371x_kcu105.ip_user_files/bd/system/ip/system_axi_ethernet_0/bd_0/ip/ip_2/synth/lvds_transceiver/bd_55cd_pcs_pma_0_sgmii_phy_iob.v" into library xil_defaultlib
INFO: [VRFC 10-311] analyzing module bd_55cd_pcs_pma_0_sgmii_phy_iob
INFO: [VRFC 10-2263] Analyzing Verilog file "E:/AD9371/hdl-hdl_2018_r1/projects/adrv9371x/kcu105/adrv9371x_kcu105.ip_user_files/bd/system/ip/system_axi_ethernet_0/bd_0/ip/ip_2/synth/lvds_transceiver/bd_55cd_pcs_pma_0_gpio_sgmii_top.v" into library xil_defaultlib
INFO: [VRFC 10-311] analyzing module bd_55cd_pcs_pma_0_gpio_sgmii_top
INFO: [VRFC 10-2263] Analyzing Verilog file "E:/AD9371/hdl-hdl_2018_r1/projects/adrv9371x/kcu105/adrv9371x_kcu105.ip_user_files/bd/system/ip/system_axi_ethernet_0/bd_0/ip/ip_2/synth/lvds_transceiver/bd_55cd_pcs_pma_0_lvds_transceiver.v" into library xil_defaultlib
INFO: [VRFC 10-311] analyzing module bd_55cd_pcs_pma_0_lvds_transceiver_k7
INFO: [VRFC 10-2263] Analyzing Verilog file "E:/AD9371/hdl-hdl_2018_r1/projects/adrv9371x/kcu105/adrv9371x_kcu105.ip_user_files/bd/system/ip/system_axi_ethernet_0/bd_0/ip/ip_2/synth/bd_55cd_pcs_pma_0_block.v" into library xil_defaultlib
INFO: [VRFC 10-311] analyzing module bd_55cd_pcs_pma_0_block
INFO: [VRFC 10-2263] Analyzing Verilog file "E:/AD9371/hdl-hdl_2018_r1/projects/adrv9371x/kcu105/adrv9371x_kcu105.ip_user_files/bd/system/ip/system_axi_ethernet_0/bd_0/ip/ip_2/synth/bd_55cd_pcs_pma_0.v" into library xil_defaultlib
INFO: [VRFC 10-311] analyzing module bd_55cd_pcs_pma_0
INFO: [VRFC 10-2263] Analyzing Verilog file "E:/AD9371/hdl-hdl_2018_r1/projects/adrv9371x/kcu105/adrv9371x_kcu105.ip_user_files/bd/system/ip/system_axi_ethernet_0/bd_0/ip/ip_3/sim/bd_55cd_xlconstant_phyadd_0.v" into library xil_defaultlib
INFO: [VRFC 10-311] analyzing module bd_55cd_xlconstant_phyadd_0
INFO: [VRFC 10-2263] Analyzing Verilog file "E:/AD9371/hdl-hdl_2018_r1/projects/adrv9371x/kcu105/adrv9371x_kcu105.ip_user_files/bd/system/ip/system_axi_ethernet_0/bd_0/ip/ip_6/sim/bd_55cd_xlconstant_0_0.v" into library xil_defaultlib
INFO: [VRFC 10-311] analyzing module bd_55cd_xlconstant_0_0
INFO: [VRFC 10-2263] Analyzing Verilog file "E:/AD9371/hdl-hdl_2018_r1/projects/adrv9371x/kcu105/adrv9371x_kcu105.ip_user_files/bd/system/ip/system_axi_ethernet_0/bd_0/ip/ip_7/sim/bd_55cd_util_vector_logic_0_0.v" into library xil_defaultlib
INFO: [VRFC 10-311] analyzing module bd_55cd_util_vector_logic_0_0
INFO: [VRFC 10-2263] Analyzing Verilog file "E:/AD9371/hdl-hdl_2018_r1/projects/adrv9371x/kcu105/adrv9371x_kcu105.ip_user_files/bd/system/ip/system_axi_ethernet_0/bd_0/sim/bd_55cd.v" into library xil_defaultlib
INFO: [VRFC 10-311] analyzing module bd_55cd
INFO: [VRFC 10-2263] Analyzing Verilog file "E:/AD9371/hdl-hdl_2018_r1/projects/adrv9371x/kcu105/adrv9371x_kcu105.ip_user_files/bd/system/ip/system_axi_ethernet_0/sim/system_axi_ethernet_0.v" into library xil_defaultlib
INFO: [VRFC 10-311] analyzing module system_axi_ethernet_0
INFO: [VRFC 10-2263] Analyzing Verilog file "E:/AD9371/hdl-hdl_2018_r1/projects/adrv9371x/kcu105/adrv9371x_kcu105.ip_user_files/bd/system/ip/system_sys_concat_intc_0/sim/system_sys_concat_intc_0.v" into library xil_defaultlib
INFO: [VRFC 10-311] analyzing module system_sys_concat_intc_0
INFO: [VRFC 10-2263] Analyzing Verilog file "E:/AD9371/hdl-hdl_2018_r1/projects/adrv9371x/kcu105/adrv9371x_kcu105.srcs/sources_1/github/hdl-hdl_2018_r1/library/common/ad_b2g.v" into library xil_defaultlib
INFO: [VRFC 10-311] analyzing module ad_b2g
INFO: [VRFC 10-2263] Analyzing Verilog file "E:/AD9371/hdl-hdl_2018_r1/projects/adrv9371x/kcu105/adrv9371x_kcu105.srcs/sources_1/github/hdl-hdl_2018_r1/library/common/ad_g2b.v" into library xil_defaultlib
INFO: [VRFC 10-311] analyzing module ad_g2b
INFO: [VRFC 10-2263] Analyzing Verilog file "E:/AD9371/hdl-hdl_2018_r1/projects/adrv9371x/kcu105/adrv9371x_kcu105.srcs/sources_1/github/hdl-hdl_2018_r1/library/common/ad_mem.v" into library xil_defaultlib
INFO: [VRFC 10-311] analyzing module ad_mem
INFO: [VRFC 10-2263] Analyzing Verilog file "E:/AD9371/hdl-hdl_2018_r1/projects/adrv9371x/kcu105/adrv9371x_kcu105.ip_user_files/bd/system/ipshared/b972/util_dacfifo.v" into library xil_defaultlib
INFO: [VRFC 10-311] analyzing module util_dacfifo
INFO: [VRFC 10-2263] Analyzing Verilog file "E:/AD9371/hdl-hdl_2018_r1/projects/adrv9371x/kcu105/adrv9371x_kcu105.ip_user_files/bd/system/ip/system_axi_ad9371_dacfifo_0/sim/system_axi_ad9371_dacfifo_0.v" into library xil_defaultlib
INFO: [VRFC 10-311] analyzing module system_axi_ad9371_dacfifo_0
INFO: [VRFC 10-2263] Analyzing Verilog file "E:/AD9371/hdl-hdl_2018_r1/projects/adrv9371x/kcu105/adrv9371x_kcu105.srcs/sources_1/github/hdl-hdl_2018_r1/library/xilinx/common/ad_mmcm_drp.v" into library xil_defaultlib
INFO: [VRFC 10-311] analyzing module ad_mmcm_drp
INFO: [VRFC 10-2263] Analyzing Verilog file "E:/AD9371/hdl-hdl_2018_r1/projects/adrv9371x/kcu105/adrv9371x_kcu105.srcs/sources_1/github/hdl-hdl_2018_r1/library/common/ad_rst.v" into library xil_defaultlib
INFO: [VRFC 10-311] analyzing module ad_rst
INFO: [VRFC 10-2263] Analyzing Verilog file "E:/AD9371/hdl-hdl_2018_r1/projects/adrv9371x/kcu105/adrv9371x_kcu105.srcs/sources_1/github/hdl-hdl_2018_r1/library/common/up_axi.v" into library xil_defaultlib
INFO: [VRFC 10-311] analyzing module up_axi
INFO: [VRFC 10-2263] Analyzing Verilog file "E:/AD9371/hdl-hdl_2018_r1/projects/adrv9371x/kcu105/adrv9371x_kcu105.srcs/sources_1/github/hdl-hdl_2018_r1/library/common/up_clkgen.v" into library xil_defaultlib
INFO: [VRFC 10-311] analyzing module up_clkgen
INFO: [VRFC 10-2263] Analyzing Verilog file "E:/AD9371/hdl-hdl_2018_r1/projects/adrv9371x/kcu105/adrv9371x_kcu105.ip_user_files/bd/system/ipshared/af2d/axi_clkgen.v" into library xil_defaultlib
INFO: [VRFC 10-311] analyzing module axi_clkgen
INFO: [VRFC 10-2263] Analyzing Verilog file "E:/AD9371/hdl-hdl_2018_r1/projects/adrv9371x/kcu105/adrv9371x_kcu105.ip_user_files/bd/system/ip/system_axi_ad9371_tx_clkgen_0/sim/system_axi_ad9371_tx_clkgen_0.v" into library xil_defaultlib
INFO: [VRFC 10-311] analyzing module system_axi_ad9371_tx_clkgen_0
INFO: [VRFC 10-2263] Analyzing Verilog file "E:/AD9371/hdl-hdl_2018_r1/projects/adrv9371x/kcu105/adrv9371x_kcu105.ip_user_files/bd/system/ipshared/8aa1/axi_adxcvr_es.v" into library xil_defaultlib
INFO: [VRFC 10-311] analyzing module axi_adxcvr_es
INFO: [VRFC 10-2263] Analyzing Verilog file "E:/AD9371/hdl-hdl_2018_r1/projects/adrv9371x/kcu105/adrv9371x_kcu105.ip_user_files/bd/system/ipshared/8aa1/axi_adxcvr_mdrp.v" into library xil_defaultlib
INFO: [VRFC 10-311] analyzing module axi_adxcvr_mdrp
INFO: [VRFC 10-2263] Analyzing Verilog file "E:/AD9371/hdl-hdl_2018_r1/projects/adrv9371x/kcu105/adrv9371x_kcu105.ip_user_files/bd/system/ipshared/8aa1/axi_adxcvr_mstatus.v" into library xil_defaultlib
INFO: [VRFC 10-311] analyzing module axi_adxcvr_mstatus
INFO: [VRFC 10-2263] Analyzing Verilog file "E:/AD9371/hdl-hdl_2018_r1/projects/adrv9371x/kcu105/adrv9371x_kcu105.ip_user_files/bd/system/ipshared/8aa1/axi_adxcvr_up.v" into library xil_defaultlib
INFO: [VRFC 10-311] analyzing module axi_adxcvr_up
INFO: [VRFC 10-2263] Analyzing Verilog file "E:/AD9371/hdl-hdl_2018_r1/projects/adrv9371x/kcu105/adrv9371x_kcu105.ip_user_files/bd/system/ipshared/8aa1/axi_adxcvr.v" into library xil_defaultlib
INFO: [VRFC 10-311] analyzing module axi_adxcvr
INFO: [VRFC 10-2263] Analyzing Verilog file "E:/AD9371/hdl-hdl_2018_r1/projects/adrv9371x/kcu105/adrv9371x_kcu105.ip_user_files/bd/system/ip/system_axi_ad9371_tx_xcvr_0/sim/system_axi_ad9371_tx_xcvr_0.v" into library xil_defaultlib
INFO: [VRFC 10-311] analyzing module system_axi_ad9371_tx_xcvr_0
INFO: [VRFC 10-2263] Analyzing Verilog file "E:/AD9371/hdl-hdl_2018_r1/projects/adrv9371x/kcu105/adrv9371x_kcu105.ip_user_files/bd/system/ipshared/60ce/util_upack_dmx.v" into library xil_defaultlib
INFO: [VRFC 10-311] analyzing module util_upack_dmx
INFO: [VRFC 10-2263] Analyzing Verilog file "E:/AD9371/hdl-hdl_2018_r1/projects/adrv9371x/kcu105/adrv9371x_kcu105.ip_user_files/bd/system/ipshared/60ce/util_upack_dsf.v" into library xil_defaultlib
INFO: [VRFC 10-311] analyzing module util_upack_dsf
INFO: [VRFC 10-2263] Analyzing Verilog file "E:/AD9371/hdl-hdl_2018_r1/projects/adrv9371x/kcu105/adrv9371x_kcu105.ip_user_files/bd/system/ipshared/60ce/util_upack.v" into library xil_defaultlib
INFO: [VRFC 10-311] analyzing module util_upack
INFO: [VRFC 10-2263] Analyzing Verilog file "E:/AD9371/hdl-hdl_2018_r1/projects/adrv9371x/kcu105/adrv9371x_kcu105.ip_user_files/bd/system/ip/system_util_ad9371_tx_upack_0/sim/system_util_ad9371_tx_upack_0.v" into library xil_defaultlib
INFO: [VRFC 10-311] analyzing module system_util_ad9371_tx_upack_0
INFO: [VRFC 10-2263] Analyzing Verilog file "E:/AD9371/hdl-hdl_2018_r1/projects/adrv9371x/kcu105/adrv9371x_kcu105.ip_user_files/bd/system/ipshared/3d7b/util_axis_resize.v" into library xil_defaultlib
INFO: [VRFC 10-311] analyzing module util_axis_resize
INFO: [VRFC 10-2263] Analyzing Verilog file "E:/AD9371/hdl-hdl_2018_r1/projects/adrv9371x/kcu105/adrv9371x_kcu105.ip_user_files/bd/system/ipshared/fb52/sync_bits.v" into library xil_defaultlib
INFO: [VRFC 10-311] analyzing module sync_bits
INFO: [VRFC 10-2263] Analyzing Verilog file "E:/AD9371/hdl-hdl_2018_r1/projects/adrv9371x/kcu105/adrv9371x_kcu105.ip_user_files/bd/system/ipshared/fb52/sync_data.v" into library xil_defaultlib
INFO: [VRFC 10-311] analyzing module sync_data
INFO: [VRFC 10-2263] Analyzing Verilog file "E:/AD9371/hdl-hdl_2018_r1/projects/adrv9371x/kcu105/adrv9371x_kcu105.ip_user_files/bd/system/ipshared/fb52/sync_event.v" into library xil_defaultlib
INFO: [VRFC 10-311] analyzing module sync_event
INFO: [VRFC 10-2263] Analyzing Verilog file "E:/AD9371/hdl-hdl_2018_r1/projects/adrv9371x/kcu105/adrv9371x_kcu105.ip_user_files/bd/system/ipshared/fb52/sync_gray.v" into library xil_defaultlib
INFO: [VRFC 10-311] analyzing module sync_gray
INFO: [VRFC 10-2263] Analyzing Verilog file "E:/AD9371/hdl-hdl_2018_r1/projects/adrv9371x/kcu105/adrv9371x_kcu105.ip_user_files/bd/system/ipshared/0d03/address_gray_pipelined.v" into library xil_defaultlib
INFO: [VRFC 10-311] analyzing module fifo_address_gray_pipelined
INFO: [VRFC 10-2263] Analyzing Verilog file "E:/AD9371/hdl-hdl_2018_r1/projects/adrv9371x/kcu105/adrv9371x_kcu105.ip_user_files/bd/system/ipshared/0d03/address_sync.v" into library xil_defaultlib
INFO: [VRFC 10-311] analyzing module fifo_address_sync
INFO: [VRFC 10-2263] Analyzing Verilog file "E:/AD9371/hdl-hdl_2018_r1/projects/adrv9371x/kcu105/adrv9371x_kcu105.ip_user_files/bd/system/ipshared/0d03/util_axis_fifo.v" into library xil_defaultlib
INFO: [VRFC 10-311] analyzing module util_axis_fifo
INFO: [VRFC 10-2263] Analyzing Verilog file "E:/AD9371/hdl-hdl_2018_r1/projects/adrv9371x/kcu105/adrv9371x_kcu105.ip_user_files/bd/system/ipshared/225a/2d_transfer.v" into library xil_defaultlib
INFO: [VRFC 10-311] analyzing module dmac_2d_transfer
INFO: [VRFC 10-2263] Analyzing Verilog file "E:/AD9371/hdl-hdl_2018_r1/projects/adrv9371x/kcu105/adrv9371x_kcu105.ip_user_files/bd/system/ipshared/225a/address_generator.v" into library xil_defaultlib
INFO: [VRFC 10-311] analyzing module dmac_address_generator
WARNING: [VRFC 10-756] identifier length is used before its declaration [E:/AD9371/hdl-hdl_2018_r1/projects/adrv9371x/kcu105/adrv9371x_kcu105.ip_user_files/bd/system/ipshared/225a/address_generator.v:80]
INFO: [VRFC 10-2263] Analyzing Verilog file "E:/AD9371/hdl-hdl_2018_r1/projects/adrv9371x/kcu105/adrv9371x_kcu105.ip_user_files/bd/system/ipshared/225a/axi_register_slice.v" into library xil_defaultlib
INFO: [VRFC 10-311] analyzing module axi_register_slice
INFO: [VRFC 10-2263] Analyzing Verilog file "E:/AD9371/hdl-hdl_2018_r1/projects/adrv9371x/kcu105/adrv9371x_kcu105.ip_user_files/bd/system/ipshared/225a/data_mover.v" into library xil_defaultlib
INFO: [VRFC 10-311] analyzing module dmac_data_mover
INFO: [VRFC 10-2263] Analyzing Verilog file "E:/AD9371/hdl-hdl_2018_r1/projects/adrv9371x/kcu105/adrv9371x_kcu105.ip_user_files/bd/system/ipshared/225a/dest_axi_mm.v" into library xil_defaultlib
INFO: [VRFC 10-311] analyzing module dmac_dest_mm_axi
INFO: [VRFC 10-2263] Analyzing Verilog file "E:/AD9371/hdl-hdl_2018_r1/projects/adrv9371x/kcu105/adrv9371x_kcu105.ip_user_files/bd/system/ipshared/225a/dest_axi_stream.v" into library xil_defaultlib
INFO: [VRFC 10-311] analyzing module dmac_dest_axi_stream
INFO: [VRFC 10-2263] Analyzing Verilog file "E:/AD9371/hdl-hdl_2018_r1/projects/adrv9371x/kcu105/adrv9371x_kcu105.ip_user_files/bd/system/ipshared/225a/dest_fifo_inf.v" into library xil_defaultlib
INFO: [VRFC 10-311] analyzing module dmac_dest_fifo_inf
INFO: [VRFC 10-2263] Analyzing Verilog file "E:/AD9371/hdl-hdl_2018_r1/projects/adrv9371x/kcu105/adrv9371x_kcu105.ip_user_files/bd/system/ipshared/225a/request_arb.v" into library xil_defaultlib
INFO: [VRFC 10-311] analyzing module dmac_request_arb
WARNING: [VRFC 10-756] identifier DMA_TYPE_MM_AXI is used before its declaration [E:/AD9371/hdl-hdl_2018_r1/projects/adrv9371x/kcu105/adrv9371x_kcu105.ip_user_files/bd/system/ipshared/225a/request_arb.v:43]
WARNING: [VRFC 10-756] identifier DMA_TYPE_FIFO is used before its declaration [E:/AD9371/hdl-hdl_2018_r1/projects/adrv9371x/kcu105/adrv9371x_kcu105.ip_user_files/bd/system/ipshared/225a/request_arb.v:44]
INFO: [VRFC 10-2263] Analyzing Verilog file "E:/AD9371/hdl-hdl_2018_r1/projects/adrv9371x/kcu105/adrv9371x_kcu105.ip_user_files/bd/system/ipshared/225a/request_generator.v" into library xil_defaultlib
INFO: [VRFC 10-311] analyzing module dmac_request_generator
INFO: [VRFC 10-2263] Analyzing Verilog file "E:/AD9371/hdl-hdl_2018_r1/projects/adrv9371x/kcu105/adrv9371x_kcu105.ip_user_files/bd/system/ipshared/225a/response_generator.v" into library xil_defaultlib
INFO: [VRFC 10-311] analyzing module dmac_response_generator
INFO: [VRFC 10-2263] Analyzing Verilog file "E:/AD9371/hdl-hdl_2018_r1/projects/adrv9371x/kcu105/adrv9371x_kcu105.ip_user_files/bd/system/ipshared/225a/response_handler.v" into library xil_defaultlib
INFO: [VRFC 10-311] analyzing module dmac_response_handler
INFO: [VRFC 10-2263] Analyzing Verilog file "E:/AD9371/hdl-hdl_2018_r1/projects/adrv9371x/kcu105/adrv9371x_kcu105.ip_user_files/bd/system/ipshared/225a/splitter.v" into library xil_defaultlib
INFO: [VRFC 10-311] analyzing module splitter
INFO: [VRFC 10-2263] Analyzing Verilog file "E:/AD9371/hdl-hdl_2018_r1/projects/adrv9371x/kcu105/adrv9371x_kcu105.ip_user_files/bd/system/ipshared/225a/src_axi_mm.v" into library xil_defaultlib
INFO: [VRFC 10-311] analyzing module dmac_src_mm_axi
INFO: [VRFC 10-2263] Analyzing Verilog file "E:/AD9371/hdl-hdl_2018_r1/projects/adrv9371x/kcu105/adrv9371x_kcu105.ip_user_files/bd/system/ipshared/225a/src_axi_stream.v" into library xil_defaultlib
INFO: [VRFC 10-311] analyzing module dmac_src_axi_stream
INFO: [VRFC 10-2263] Analyzing Verilog file "E:/AD9371/hdl-hdl_2018_r1/projects/adrv9371x/kcu105/adrv9371x_kcu105.ip_user_files/bd/system/ipshared/225a/src_fifo_inf.v" into library xil_defaultlib
INFO: [VRFC 10-311] analyzing module dmac_src_fifo_inf
INFO: [VRFC 10-2263] Analyzing Verilog file "E:/AD9371/hdl-hdl_2018_r1/projects/adrv9371x/kcu105/adrv9371x_kcu105.ip_user_files/bd/system/ipshared/225a/axi_dmac.v" into library xil_defaultlib
INFO: [VRFC 10-311] analyzing module axi_dmac
INFO: [VRFC 10-2263] Analyzing Verilog file "E:/AD9371/hdl-hdl_2018_r1/projects/adrv9371x/kcu105/adrv9371x_kcu105.ip_user_files/bd/system/ip/system_axi_ad9371_tx_dma_0/sim/system_axi_ad9371_tx_dma_0.v" into library xil_defaultlib
INFO: [VRFC 10-311] analyzing module system_axi_ad9371_tx_dma_0
INFO: [VRFC 10-2263] Analyzing Verilog file "E:/AD9371/hdl-hdl_2018_r1/projects/adrv9371x/kcu105/adrv9371x_kcu105.ip_user_files/bd/system/ip/system_axi_ad9371_rx_clkgen_0/sim/system_axi_ad9371_rx_clkgen_0.v" into library xil_defaultlib
INFO: [VRFC 10-311] analyzing module system_axi_ad9371_rx_clkgen_0
INFO: [VRFC 10-2263] Analyzing Verilog file "E:/AD9371/hdl-hdl_2018_r1/projects/adrv9371x/kcu105/adrv9371x_kcu105.ip_user_files/bd/system/ip/system_axi_ad9371_rx_xcvr_0/sim/system_axi_ad9371_rx_xcvr_0.v" into library xil_defaultlib
INFO: [VRFC 10-311] analyzing module system_axi_ad9371_rx_xcvr_0
INFO: [VRFC 10-2263] Analyzing Verilog file "E:/AD9371/hdl-hdl_2018_r1/projects/adrv9371x/kcu105/adrv9371x_kcu105.ip_user_files/bd/system/ipshared/2884/util_cpack_dsf.v" into library xil_defaultlib
INFO: [VRFC 10-311] analyzing module util_cpack_dsf
INFO: [VRFC 10-2263] Analyzing Verilog file "E:/AD9371/hdl-hdl_2018_r1/projects/adrv9371x/kcu105/adrv9371x_kcu105.ip_user_files/bd/system/ipshared/2884/util_cpack_mux.v" into library xil_defaultlib
INFO: [VRFC 10-311] analyzing module util_cpack_mux
INFO: [VRFC 10-2263] Analyzing Verilog file "E:/AD9371/hdl-hdl_2018_r1/projects/adrv9371x/kcu105/adrv9371x_kcu105.ip_user_files/bd/system/ipshared/2884/util_cpack.v" into library xil_defaultlib
INFO: [VRFC 10-311] analyzing module util_cpack
INFO: [VRFC 10-2263] Analyzing Verilog file "E:/AD9371/hdl-hdl_2018_r1/projects/adrv9371x/kcu105/adrv9371x_kcu105.ip_user_files/bd/system/ip/system_util_ad9371_rx_cpack_0/sim/system_util_ad9371_rx_cpack_0.v" into library xil_defaultlib
INFO: [VRFC 10-311] analyzing module system_util_ad9371_rx_cpack_0
INFO: [VRFC 10-2263] Analyzing Verilog file "E:/AD9371/hdl-hdl_2018_r1/projects/adrv9371x/kcu105/adrv9371x_kcu105.ip_user_files/bd/system/ip/system_axi_ad9371_rx_dma_0/sim/system_axi_ad9371_rx_dma_0.v" into library xil_defaultlib
INFO: [VRFC 10-311] analyzing module system_axi_ad9371_rx_dma_0
INFO: [VRFC 10-2263] Analyzing Verilog file "E:/AD9371/hdl-hdl_2018_r1/projects/adrv9371x/kcu105/adrv9371x_kcu105.ip_user_files/bd/system/ip/system_axi_ad9371_rx_os_clkgen_0/sim/system_axi_ad9371_rx_os_clkgen_0.v" into library xil_defaultlib
INFO: [VRFC 10-311] analyzing module system_axi_ad9371_rx_os_clkgen_0
INFO: [VRFC 10-2263] Analyzing Verilog file "E:/AD9371/hdl-hdl_2018_r1/projects/adrv9371x/kcu105/adrv9371x_kcu105.ip_user_files/bd/system/ip/system_axi_ad9371_rx_os_xcvr_0/sim/system_axi_ad9371_rx_os_xcvr_0.v" into library xil_defaultlib
INFO: [VRFC 10-311] analyzing module system_axi_ad9371_rx_os_xcvr_0
INFO: [VRFC 10-2263] Analyzing Verilog file "E:/AD9371/hdl-hdl_2018_r1/projects/adrv9371x/kcu105/adrv9371x_kcu105.ip_user_files/bd/system/ip/system_util_ad9371_rx_os_cpack_0/sim/system_util_ad9371_rx_os_cpack_0.v" into library xil_defaultlib
INFO: [VRFC 10-311] analyzing module system_util_ad9371_rx_os_cpack_0
INFO: [VRFC 10-2263] Analyzing Verilog file "E:/AD9371/hdl-hdl_2018_r1/projects/adrv9371x/kcu105/adrv9371x_kcu105.ip_user_files/bd/system/ip/system_axi_ad9371_rx_os_dma_0/sim/system_axi_ad9371_rx_os_dma_0.v" into library xil_defaultlib
INFO: [VRFC 10-311] analyzing module system_axi_ad9371_rx_os_dma_0
INFO: [VRFC 10-2263] Analyzing Verilog file "E:/AD9371/hdl-hdl_2018_r1/projects/adrv9371x/kcu105/adrv9371x_kcu105.srcs/sources_1/github/hdl-hdl_2018_r1/library/common/ad_datafmt.v" into library xil_defaultlib
INFO: [VRFC 10-311] analyzing module ad_datafmt
INFO: [VRFC 10-2263] Analyzing Verilog file "E:/AD9371/hdl-hdl_2018_r1/projects/adrv9371x/kcu105/adrv9371x_kcu105.srcs/sources_1/github/hdl-hdl_2018_r1/library/xilinx/common/ad_dcfilter.v" into library xil_defaultlib
INFO: [VRFC 10-311] analyzing module ad_dcfilter
INFO: [VRFC 10-2263] Analyzing Verilog file "E:/AD9371/hdl-hdl_2018_r1/projects/adrv9371x/kcu105/adrv9371x_kcu105.srcs/sources_1/github/hdl-hdl_2018_r1/library/common/ad_dds.v" into library xil_defaultlib
INFO: [VRFC 10-311] analyzing module ad_dds
INFO: [VRFC 10-2263] Analyzing Verilog file "E:/AD9371/hdl-hdl_2018_r1/projects/adrv9371x/kcu105/adrv9371x_kcu105.srcs/sources_1/github/hdl-hdl_2018_r1/library/common/ad_dds_1.v" into library xil_defaultlib
INFO: [VRFC 10-311] analyzing module ad_dds_1
INFO: [VRFC 10-2263] Analyzing Verilog file "E:/AD9371/hdl-hdl_2018_r1/projects/adrv9371x/kcu105/adrv9371x_kcu105.srcs/sources_1/github/hdl-hdl_2018_r1/library/common/ad_dds_sine.v" into library xil_defaultlib
INFO: [VRFC 10-311] analyzing module ad_dds_sine
INFO: [VRFC 10-2263] Analyzing Verilog file "E:/AD9371/hdl-hdl_2018_r1/projects/adrv9371x/kcu105/adrv9371x_kcu105.srcs/sources_1/github/hdl-hdl_2018_r1/library/common/ad_iqcor.v" into library xil_defaultlib
INFO: [VRFC 10-311] analyzing module ad_iqcor
INFO: [VRFC 10-2263] Analyzing Verilog file "E:/AD9371/hdl-hdl_2018_r1/projects/adrv9371x/kcu105/adrv9371x_kcu105.srcs/sources_1/github/hdl-hdl_2018_r1/library/xilinx/common/ad_mul.v" into library xil_defaultlib
INFO: [VRFC 10-311] analyzing module ad_mul
INFO: [VRFC 10-2263] Analyzing Verilog file "E:/AD9371/hdl-hdl_2018_r1/projects/adrv9371x/kcu105/adrv9371x_kcu105.srcs/sources_1/github/hdl-hdl_2018_r1/library/common/ad_xcvr_rx_if.v" into library xil_defaultlib
INFO: [VRFC 10-311] analyzing module ad_xcvr_rx_if
INFO: [VRFC 10-2263] Analyzing Verilog file "E:/AD9371/hdl-hdl_2018_r1/projects/adrv9371x/kcu105/adrv9371x_kcu105.ip_user_files/bd/system/ipshared/a0b9/axi_ad9371_if.v" into library xil_defaultlib
INFO: [VRFC 10-311] analyzing module axi_ad9371_if
INFO: [VRFC 10-2263] Analyzing Verilog file "E:/AD9371/hdl-hdl_2018_r1/projects/adrv9371x/kcu105/adrv9371x_kcu105.ip_user_files/bd/system/ipshared/a0b9/axi_ad9371_rx.v" into library xil_defaultlib
INFO: [VRFC 10-311] analyzing module axi_ad9371_rx
INFO: [VRFC 10-2263] Analyzing Verilog file "E:/AD9371/hdl-hdl_2018_r1/projects/adrv9371x/kcu105/adrv9371x_kcu105.ip_user_files/bd/system/ipshared/a0b9/axi_ad9371_rx_channel.v" into library xil_defaultlib
INFO: [VRFC 10-311] analyzing module axi_ad9371_rx_channel
INFO: [VRFC 10-2263] Analyzing Verilog file "E:/AD9371/hdl-hdl_2018_r1/projects/adrv9371x/kcu105/adrv9371x_kcu105.ip_user_files/bd/system/ipshared/a0b9/axi_ad9371_rx_os.v" into library xil_defaultlib
INFO: [VRFC 10-311] analyzing module axi_ad9371_rx_os
INFO: [VRFC 10-2263] Analyzing Verilog file "E:/AD9371/hdl-hdl_2018_r1/projects/adrv9371x/kcu105/adrv9371x_kcu105.ip_user_files/bd/system/ipshared/a0b9/axi_ad9371_tx.v" into library xil_defaultlib
INFO: [VRFC 10-311] analyzing module axi_ad9371_tx
INFO: [VRFC 10-2263] Analyzing Verilog file "E:/AD9371/hdl-hdl_2018_r1/projects/adrv9371x/kcu105/adrv9371x_kcu105.ip_user_files/bd/system/ipshared/a0b9/axi_ad9371_tx_channel.v" into library xil_defaultlib
INFO: [VRFC 10-311] analyzing module axi_ad9371_tx_channel
INFO: [VRFC 10-2263] Analyzing Verilog file "E:/AD9371/hdl-hdl_2018_r1/projects/adrv9371x/kcu105/adrv9371x_kcu105.srcs/sources_1/github/hdl-hdl_2018_r1/library/common/up_adc_channel.v" into library xil_defaultlib
INFO: [VRFC 10-311] analyzing module up_adc_channel
INFO: [VRFC 10-2263] Analyzing Verilog file "E:/AD9371/hdl-hdl_2018_r1/projects/adrv9371x/kcu105/adrv9371x_kcu105.srcs/sources_1/github/hdl-hdl_2018_r1/library/common/up_adc_common.v" into library xil_defaultlib
INFO: [VRFC 10-311] analyzing module up_adc_common
INFO: [VRFC 10-2263] Analyzing Verilog file "E:/AD9371/hdl-hdl_2018_r1/projects/adrv9371x/kcu105/adrv9371x_kcu105.srcs/sources_1/github/hdl-hdl_2018_r1/library/common/up_clock_mon.v" into library xil_defaultlib
INFO: [VRFC 10-311] analyzing module up_clock_mon
INFO: [VRFC 10-2263] Analyzing Verilog file "E:/AD9371/hdl-hdl_2018_r1/projects/adrv9371x/kcu105/adrv9371x_kcu105.srcs/sources_1/github/hdl-hdl_2018_r1/library/common/up_dac_channel.v" into library xil_defaultlib
INFO: [VRFC 10-311] analyzing module up_dac_channel
INFO: [VRFC 10-2263] Analyzing Verilog file "E:/AD9371/hdl-hdl_2018_r1/projects/adrv9371x/kcu105/adrv9371x_kcu105.srcs/sources_1/github/hdl-hdl_2018_r1/library/common/up_dac_common.v" into library xil_defaultlib
INFO: [VRFC 10-311] analyzing module up_dac_common
INFO: [VRFC 10-2263] Analyzing Verilog file "E:/AD9371/hdl-hdl_2018_r1/projects/adrv9371x/kcu105/adrv9371x_kcu105.srcs/sources_1/github/hdl-hdl_2018_r1/library/common/up_xfer_cntrl.v" into library xil_defaultlib
INFO: [VRFC 10-311] analyzing module up_xfer_cntrl
INFO: [VRFC 10-2263] Analyzing Verilog file "E:/AD9371/hdl-hdl_2018_r1/projects/adrv9371x/kcu105/adrv9371x_kcu105.srcs/sources_1/github/hdl-hdl_2018_r1/library/common/up_xfer_status.v" into library xil_defaultlib
INFO: [VRFC 10-311] analyzing module up_xfer_status
INFO: [VRFC 10-2263] Analyzing Verilog file "E:/AD9371/hdl-hdl_2018_r1/projects/adrv9371x/kcu105/adrv9371x_kcu105.ip_user_files/bd/system/ipshared/a0b9/axi_ad9371.v" into library xil_defaultlib
INFO: [VRFC 10-311] analyzing module axi_ad9371
INFO: [VRFC 10-2263] Analyzing Verilog file "E:/AD9371/hdl-hdl_2018_r1/projects/adrv9371x/kcu105/adrv9371x_kcu105.ip_user_files/bd/system/ip/system_axi_ad9371_core_0/sim/system_axi_ad9371_core_0.v" into library xil_defaultlib
INFO: [VRFC 10-311] analyzing module system_axi_ad9371_core_0
INFO: [VRFC 10-2263] Analyzing Verilog file "E:/AD9371/hdl-hdl_2018_r1/projects/adrv9371x/kcu105/adrv9371x_kcu105.ip_user_files/bd/system/ipshared/bdee/util_adxcvr_xch.v" into library xil_defaultlib
INFO: [VRFC 10-311] analyzing module util_adxcvr_xch
INFO: [VRFC 10-2263] Analyzing Verilog file "E:/AD9371/hdl-hdl_2018_r1/projects/adrv9371x/kcu105/adrv9371x_kcu105.ip_user_files/bd/system/ipshared/bdee/util_adxcvr_xcm.v" into library xil_defaultlib
INFO: [VRFC 10-311] analyzing module util_adxcvr_xcm
INFO: [VRFC 10-2263] Analyzing Verilog file "E:/AD9371/hdl-hdl_2018_r1/projects/adrv9371x/kcu105/adrv9371x_kcu105.ip_user_files/bd/system/ipshared/bdee/util_adxcvr.v" into library xil_defaultlib
INFO: [VRFC 10-311] analyzing module util_adxcvr
INFO: [VRFC 10-2263] Analyzing Verilog file "E:/AD9371/hdl-hdl_2018_r1/projects/adrv9371x/kcu105/adrv9371x_kcu105.ip_user_files/bd/system/ip/system_util_ad9371_xcvr_0/sim/system_util_ad9371_xcvr_0.v" into library xil_defaultlib
INFO: [VRFC 10-311] analyzing module system_util_ad9371_xcvr_0
INFO: [VRFC 10-2263] Analyzing Verilog file "E:/AD9371/hdl-hdl_2018_r1/projects/adrv9371x/kcu105/adrv9371x_kcu105.ip_user_files/bd/system/ipshared/a6ac/jesd204_up_common.v" into library xil_defaultlib
INFO: [VRFC 10-311] analyzing module jesd204_up_common
WARNING: [VRFC 10-756] identifier up_cfg_beats_per_multiframe is used before its declaration [E:/AD9371/hdl-hdl_2018_r1/projects/adrv9371x/kcu105/adrv9371x_kcu105.ip_user_files/bd/system/ipshared/a6ac/jesd204_up_common.v:159]
WARNING: [VRFC 10-756] identifier up_cfg_octets_per_frame is used before its declaration [E:/AD9371/hdl-hdl_2018_r1/projects/adrv9371x/kcu105/adrv9371x_kcu105.ip_user_files/bd/system/ipshared/a6ac/jesd204_up_common.v:160]
WARNING: [VRFC 10-756] identifier up_cfg_lanes_disable is used before its declaration [E:/AD9371/hdl-hdl_2018_r1/projects/adrv9371x/kcu105/adrv9371x_kcu105.ip_user_files/bd/system/ipshared/a6ac/jesd204_up_common.v:161]
WARNING: [VRFC 10-756] identifier up_cfg_disable_scrambler is used before its declaration [E:/AD9371/hdl-hdl_2018_r1/projects/adrv9371x/kcu105/adrv9371x_kcu105.ip_user_files/bd/system/ipshared/a6ac/jesd204_up_common.v:162]
WARNING: [VRFC 10-756] identifier up_cfg_disable_char_replacement is used before its declaration [E:/AD9371/hdl-hdl_2018_r1/projects/adrv9371x/kcu105/adrv9371x_kcu105.ip_user_files/bd/system/ipshared/a6ac/jesd204_up_common.v:163]
INFO: [VRFC 10-2263] Analyzing Verilog file "E:/AD9371/hdl-hdl_2018_r1/projects/adrv9371x/kcu105/adrv9371x_kcu105.ip_user_files/bd/system/ipshared/a6ac/jesd204_up_sysref.v" into library xil_defaultlib
INFO: [VRFC 10-311] analyzing module jesd204_up_sysref
INFO: [VRFC 10-2263] Analyzing Verilog file "E:/AD9371/hdl-hdl_2018_r1/projects/adrv9371x/kcu105/adrv9371x_kcu105.ip_user_files/bd/system/ipshared/4b85/jesd204_up_ilas_mem.v" into library xil_defaultlib
INFO: [VRFC 10-311] analyzing module jesd204_up_ilas_mem
INFO: [VRFC 10-2263] Analyzing Verilog file "E:/AD9371/hdl-hdl_2018_r1/projects/adrv9371x/kcu105/adrv9371x_kcu105.ip_user_files/bd/system/ipshared/4b85/jesd204_up_rx.v" into library xil_defaultlib
INFO: [VRFC 10-311] analyzing module jesd204_up_rx
INFO: [VRFC 10-2263] Analyzing Verilog file "E:/AD9371/hdl-hdl_2018_r1/projects/adrv9371x/kcu105/adrv9371x_kcu105.ip_user_files/bd/system/ipshared/4b85/jesd204_up_rx_lane.v" into library xil_defaultlib
INFO: [VRFC 10-311] analyzing module jesd204_up_rx_lane
INFO: [VRFC 10-2263] Analyzing Verilog file "E:/AD9371/hdl-hdl_2018_r1/projects/adrv9371x/kcu105/adrv9371x_kcu105.ip_user_files/bd/system/ipshared/4b85/axi_jesd204_rx.v" into library xil_defaultlib
INFO: [VRFC 10-311] analyzing module axi_jesd204_rx
INFO: [VRFC 10-2263] Analyzing Verilog file "E:/AD9371/hdl-hdl_2018_r1/projects/adrv9371x/kcu105/adrv9371x_kcu105.ip_user_files/bd/system/ip/system_rx_axi_1/sim/system_rx_axi_1.v" into library xil_defaultlib
INFO: [VRFC 10-311] analyzing module system_rx_axi_1
INFO: [VRFC 10-2263] Analyzing Verilog file "E:/AD9371/hdl-hdl_2018_r1/projects/adrv9371x/kcu105/adrv9371x_kcu105.ip_user_files/bd/system/ipshared/c919/jesd204_eof_generator.v" into library xil_defaultlib
INFO: [VRFC 10-311] analyzing module jesd204_eof_generator
INFO: [VRFC 10-2263] Analyzing Verilog file "E:/AD9371/hdl-hdl_2018_r1/projects/adrv9371x/kcu105/adrv9371x_kcu105.ip_user_files/bd/system/ipshared/c919/jesd204_lmfc.v" into library xil_defaultlib
INFO: [VRFC 10-311] analyzing module jesd204_lmfc
INFO: [VRFC 10-2263] Analyzing Verilog file "E:/AD9371/hdl-hdl_2018_r1/projects/adrv9371x/kcu105/adrv9371x_kcu105.ip_user_files/bd/system/ipshared/c919/jesd204_scrambler.v" into library xil_defaultlib
INFO: [VRFC 10-311] analyzing module jesd204_scrambler
INFO: [VRFC 10-2263] Analyzing Verilog file "E:/AD9371/hdl-hdl_2018_r1/projects/adrv9371x/kcu105/adrv9371x_kcu105.ip_user_files/bd/system/ipshared/c919/pipeline_stage.v" into library xil_defaultlib
INFO: [VRFC 10-311] analyzing module pipeline_stage
INFO: [VRFC 10-2263] Analyzing Verilog file "E:/AD9371/hdl-hdl_2018_r1/projects/adrv9371x/kcu105/adrv9371x_kcu105.ip_user_files/bd/system/ipshared/f9c3/align_mux.v" into library xil_defaultlib
INFO: [VRFC 10-311] analyzing module align_mux
INFO: [VRFC 10-2263] Analyzing Verilog file "E:/AD9371/hdl-hdl_2018_r1/projects/adrv9371x/kcu105/adrv9371x_kcu105.ip_user_files/bd/system/ipshared/f9c3/elastic_buffer.v" into library xil_defaultlib
INFO: [VRFC 10-311] analyzing module elastic_buffer
INFO: [VRFC 10-2263] Analyzing Verilog file "E:/AD9371/hdl-hdl_2018_r1/projects/adrv9371x/kcu105/adrv9371x_kcu105.ip_user_files/bd/system/ipshared/f9c3/jesd204_ilas_monitor.v" into library xil_defaultlib
INFO: [VRFC 10-311] analyzing module jesd204_ilas_monitor
INFO: [VRFC 10-2263] Analyzing Verilog file "E:/AD9371/hdl-hdl_2018_r1/projects/adrv9371x/kcu105/adrv9371x_kcu105.ip_user_files/bd/system/ipshared/f9c3/jesd204_lane_latency_monitor.v" into library xil_defaultlib
INFO: [VRFC 10-311] analyzing module jesd204_lane_latency_monitor
INFO: [VRFC 10-2263] Analyzing Verilog file "E:/AD9371/hdl-hdl_2018_r1/projects/adrv9371x/kcu105/adrv9371x_kcu105.ip_user_files/bd/system/ipshared/f9c3/jesd204_rx_cgs.v" into library xil_defaultlib
INFO: [VRFC 10-311] analyzing module jesd204_rx_cgs
INFO: [VRFC 10-2263] Analyzing Verilog file "E:/AD9371/hdl-hdl_2018_r1/projects/adrv9371x/kcu105/adrv9371x_kcu105.ip_user_files/bd/system/ipshared/f9c3/jesd204_rx_ctrl.v" into library xil_defaultlib
INFO: [VRFC 10-311] analyzing module jesd204_rx_ctrl
INFO: [VRFC 10-2263] Analyzing Verilog file "E:/AD9371/hdl-hdl_2018_r1/projects/adrv9371x/kcu105/adrv9371x_kcu105.ip_user_files/bd/system/ipshared/f9c3/jesd204_rx_lane.v" into library xil_defaultlib
INFO: [VRFC 10-311] analyzing module jesd204_rx_lane
INFO: [VRFC 10-2263] Analyzing Verilog file "E:/AD9371/hdl-hdl_2018_r1/projects/adrv9371x/kcu105/adrv9371x_kcu105.ip_user_files/bd/system/ipshared/f9c3/jesd204_rx.v" into library xil_defaultlib
INFO: [VRFC 10-311] analyzing module jesd204_rx
INFO: [VRFC 10-2263] Analyzing Verilog file "E:/AD9371/hdl-hdl_2018_r1/projects/adrv9371x/kcu105/adrv9371x_kcu105.ip_user_files/bd/system/ip/system_rx_1/sim/system_rx_1.v" into library xil_defaultlib
INFO: [VRFC 10-311] analyzing module system_rx_1
INFO: [VRFC 10-2263] Analyzing Verilog file "E:/AD9371/hdl-hdl_2018_r1/projects/adrv9371x/kcu105/adrv9371x_kcu105.ip_user_files/bd/system/ip/system_rx_axi_0/sim/system_rx_axi_0.v" into library xil_defaultlib
INFO: [VRFC 10-311] analyzing module system_rx_axi_0
INFO: [VRFC 10-2263] Analyzing Verilog file "E:/AD9371/hdl-hdl_2018_r1/projects/adrv9371x/kcu105/adrv9371x_kcu105.ip_user_files/bd/system/ip/system_rx_0/sim/system_rx_0.v" into library xil_defaultlib
INFO: [VRFC 10-311] analyzing module system_rx_0
INFO: [VRFC 10-2263] Analyzing Verilog file "E:/AD9371/hdl-hdl_2018_r1/projects/adrv9371x/kcu105/adrv9371x_kcu105.ip_user_files/bd/system/ipshared/6105/jesd204_up_tx.v" into library xil_defaultlib
INFO: [VRFC 10-311] analyzing module jesd204_up_tx
INFO: [VRFC 10-2263] Analyzing Verilog file "E:/AD9371/hdl-hdl_2018_r1/projects/adrv9371x/kcu105/adrv9371x_kcu105.ip_user_files/bd/system/ipshared/6105/axi_jesd204_tx.v" into library xil_defaultlib
INFO: [VRFC 10-311] analyzing module axi_jesd204_tx
INFO: [VRFC 10-2263] Analyzing Verilog file "E:/AD9371/hdl-hdl_2018_r1/projects/adrv9371x/kcu105/adrv9371x_kcu105.ip_user_files/bd/system/ip/system_tx_axi_0/sim/system_tx_axi_0.v" into library xil_defaultlib
INFO: [VRFC 10-311] analyzing module system_tx_axi_0
INFO: [VRFC 10-2263] Analyzing Verilog file "E:/AD9371/hdl-hdl_2018_r1/projects/adrv9371x/kcu105/adrv9371x_kcu105.ip_user_files/bd/system/ipshared/d343/jesd204_tx_ctrl.v" into library xil_defaultlib
INFO: [VRFC 10-311] analyzing module jesd204_tx_ctrl
INFO: [VRFC 10-2263] Analyzing Verilog file "E:/AD9371/hdl-hdl_2018_r1/projects/adrv9371x/kcu105/adrv9371x_kcu105.ip_user_files/bd/system/ipshared/d343/jesd204_tx_lane.v" into library xil_defaultlib
INFO: [VRFC 10-311] analyzing module jesd204_tx_lane
INFO: [VRFC 10-2263] Analyzing Verilog file "E:/AD9371/hdl-hdl_2018_r1/projects/adrv9371x/kcu105/adrv9371x_kcu105.ip_user_files/bd/system/ipshared/d343/jesd204_tx.v" into library xil_defaultlib
INFO: [VRFC 10-311] analyzing module jesd204_tx
INFO: [VRFC 10-2263] Analyzing Verilog file "E:/AD9371/hdl-hdl_2018_r1/projects/adrv9371x/kcu105/adrv9371x_kcu105.ip_user_files/bd/system/ip/system_tx_0/sim/system_tx_0.v" into library xil_defaultlib
INFO: [VRFC 10-311] analyzing module system_tx_0
INFO: [VRFC 10-2263] Analyzing Verilog file "E:/AD9371/hdl-hdl_2018_r1/projects/adrv9371x/kcu105/adrv9371x_kcu105.ip_user_files/bd/system/ip/system_blk_mem_gen_0_0/sim/system_blk_mem_gen_0_0.v" into library xil_defaultlib
INFO: [VRFC 10-311] analyzing module system_blk_mem_gen_0_0
INFO: [VRFC 10-2263] Analyzing Verilog file "E:/AD9371/hdl-hdl_2018_r1/projects/adrv9371x/kcu105/adrv9371x_kcu105.ip_user_files/bd/system/ip/system_mig_7series_0_0/system_mig_7series_0_0/user_design/rtl/axi/mig_7series_v4_0_axi_ctrl_addr_decode.v" into library xil_defaultlib
INFO: [VRFC 10-311] analyzing module mig_7series_v4_0_axi_ctrl_addr_decode
INFO: [VRFC 10-2263] Analyzing Verilog file "E:/AD9371/hdl-hdl_2018_r1/projects/adrv9371x/kcu105/adrv9371x_kcu105.ip_user_files/bd/system/ip/system_mig_7series_0_0/system_mig_7series_0_0/user_design/rtl/axi/mig_7series_v4_0_axi_ctrl_read.v" into library xil_defaultlib
INFO: [VRFC 10-311] analyzing module mig_7series_v4_0_axi_ctrl_read
INFO: [VRFC 10-2263] Analyzing Verilog file "E:/AD9371/hdl-hdl_2018_r1/projects/adrv9371x/kcu105/adrv9371x_kcu105.ip_user_files/bd/system/ip/system_mig_7series_0_0/system_mig_7series_0_0/user_design/rtl/axi/mig_7series_v4_0_axi_ctrl_reg.v" into library xil_defaultlib
INFO: [VRFC 10-311] analyzing module mig_7series_v4_0_axi_ctrl_reg
INFO: [VRFC 10-2263] Analyzing Verilog file "E:/AD9371/hdl-hdl_2018_r1/projects/adrv9371x/kcu105/adrv9371x_kcu105.ip_user_files/bd/system/ip/system_mig_7series_0_0/system_mig_7series_0_0/user_design/rtl/axi/mig_7series_v4_0_axi_ctrl_reg_bank.v" into library xil_defaultlib
INFO: [VRFC 10-311] analyzing module mig_7series_v4_0_axi_ctrl_reg_bank
INFO: [VRFC 10-2263] Analyzing Verilog file "E:/AD9371/hdl-hdl_2018_r1/projects/adrv9371x/kcu105/adrv9371x_kcu105.ip_user_files/bd/system/ip/system_mig_7series_0_0/system_mig_7series_0_0/user_design/rtl/axi/mig_7series_v4_0_axi_ctrl_top.v" into library xil_defaultlib
INFO: [VRFC 10-311] analyzing module mig_7series_v4_0_axi_ctrl_top
INFO: [VRFC 10-2263] Analyzing Verilog file "E:/AD9371/hdl-hdl_2018_r1/projects/adrv9371x/kcu105/adrv9371x_kcu105.ip_user_files/bd/system/ip/system_mig_7series_0_0/system_mig_7series_0_0/user_design/rtl/axi/mig_7series_v4_0_axi_ctrl_write.v" into library xil_defaultlib
INFO: [VRFC 10-311] analyzing module mig_7series_v4_0_axi_ctrl_write
INFO: [VRFC 10-2263] Analyzing Verilog file "E:/AD9371/hdl-hdl_2018_r1/projects/adrv9371x/kcu105/adrv9371x_kcu105.ip_user_files/bd/system/ip/system_mig_7series_0_0/system_mig_7series_0_0/user_design/rtl/axi/mig_7series_v4_0_axi_mc.v" into library xil_defaultlib
INFO: [VRFC 10-311] analyzing module mig_7series_v4_0_axi_mc
INFO: [VRFC 10-2263] Analyzing Verilog file "E:/AD9371/hdl-hdl_2018_r1/projects/adrv9371x/kcu105/adrv9371x_kcu105.ip_user_files/bd/system/ip/system_mig_7series_0_0/system_mig_7series_0_0/user_design/rtl/axi/mig_7series_v4_0_axi_mc_ar_channel.v" into library xil_defaultlib
INFO: [VRFC 10-311] analyzing module mig_7series_v4_0_axi_mc_ar_channel
INFO: [VRFC 10-2263] Analyzing Verilog file "E:/AD9371/hdl-hdl_2018_r1/projects/adrv9371x/kcu105/adrv9371x_kcu105.ip_user_files/bd/system/ip/system_mig_7series_0_0/system_mig_7series_0_0/user_design/rtl/axi/mig_7series_v4_0_axi_mc_aw_channel.v" into library xil_defaultlib
INFO: [VRFC 10-311] analyzing module mig_7series_v4_0_axi_mc_aw_channel
INFO: [VRFC 10-2263] Analyzing Verilog file "E:/AD9371/hdl-hdl_2018_r1/projects/adrv9371x/kcu105/adrv9371x_kcu105.ip_user_files/bd/system/ip/system_mig_7series_0_0/system_mig_7series_0_0/user_design/rtl/axi/mig_7series_v4_0_axi_mc_b_channel.v" into library xil_defaultlib
INFO: [VRFC 10-311] analyzing module mig_7series_v4_0_axi_mc_b_channel
INFO: [VRFC 10-2263] Analyzing Verilog file "E:/AD9371/hdl-hdl_2018_r1/projects/adrv9371x/kcu105/adrv9371x_kcu105.ip_user_files/bd/system/ip/system_mig_7series_0_0/system_mig_7series_0_0/user_design/rtl/axi/mig_7series_v4_0_axi_mc_cmd_arbiter.v" into library xil_defaultlib
INFO: [VRFC 10-311] analyzing module mig_7series_v4_0_axi_mc_cmd_arbiter
INFO: [VRFC 10-2263] Analyzing Verilog file "E:/AD9371/hdl-hdl_2018_r1/projects/adrv9371x/kcu105/adrv9371x_kcu105.ip_user_files/bd/system/ip/system_mig_7series_0_0/system_mig_7series_0_0/user_design/rtl/axi/mig_7series_v4_0_axi_mc_cmd_fsm.v" into library xil_defaultlib
INFO: [VRFC 10-311] analyzing module mig_7series_v4_0_axi_mc_cmd_fsm
INFO: [VRFC 10-2263] Analyzing Verilog file "E:/AD9371/hdl-hdl_2018_r1/projects/adrv9371x/kcu105/adrv9371x_kcu105.ip_user_files/bd/system/ip/system_mig_7series_0_0/system_mig_7series_0_0/user_design/rtl/axi/mig_7series_v4_0_axi_mc_cmd_translator.v" into library xil_defaultlib
INFO: [VRFC 10-311] analyzing module mig_7series_v4_0_axi_mc_cmd_translator
INFO: [VRFC 10-2263] Analyzing Verilog file "E:/AD9371/hdl-hdl_2018_r1/projects/adrv9371x/kcu105/adrv9371x_kcu105.ip_user_files/bd/system/ip/system_mig_7series_0_0/system_mig_7series_0_0/user_design/rtl/axi/mig_7series_v4_0_axi_mc_fifo.v" into library xil_defaultlib
INFO: [VRFC 10-311] analyzing module mig_7series_v4_0_axi_mc_fifo
INFO: [VRFC 10-2263] Analyzing Verilog file "E:/AD9371/hdl-hdl_2018_r1/projects/adrv9371x/kcu105/adrv9371x_kcu105.ip_user_files/bd/system/ip/system_mig_7series_0_0/system_mig_7series_0_0/user_design/rtl/axi/mig_7series_v4_0_axi_mc_incr_cmd.v" into library xil_defaultlib
INFO: [VRFC 10-311] analyzing module mig_7series_v4_0_axi_mc_incr_cmd
INFO: [VRFC 10-2263] Analyzing Verilog file "E:/AD9371/hdl-hdl_2018_r1/projects/adrv9371x/kcu105/adrv9371x_kcu105.ip_user_files/bd/system/ip/system_mig_7series_0_0/system_mig_7series_0_0/user_design/rtl/axi/mig_7series_v4_0_axi_mc_r_channel.v" into library xil_defaultlib
INFO: [VRFC 10-311] analyzing module mig_7series_v4_0_axi_mc_r_channel
INFO: [VRFC 10-2263] Analyzing Verilog file "E:/AD9371/hdl-hdl_2018_r1/projects/adrv9371x/kcu105/adrv9371x_kcu105.ip_user_files/bd/system/ip/system_mig_7series_0_0/system_mig_7series_0_0/user_design/rtl/axi/mig_7series_v4_0_axi_mc_simple_fifo.v" into library xil_defaultlib
INFO: [VRFC 10-311] analyzing module mig_7series_v4_0_axi_mc_simple_fifo
INFO: [VRFC 10-2263] Analyzing Verilog file "E:/AD9371/hdl-hdl_2018_r1/projects/adrv9371x/kcu105/adrv9371x_kcu105.ip_user_files/bd/system/ip/system_mig_7series_0_0/system_mig_7series_0_0/user_design/rtl/axi/mig_7series_v4_0_axi_mc_wrap_cmd.v" into library xil_defaultlib
INFO: [VRFC 10-311] analyzing module mig_7series_v4_0_axi_mc_wrap_cmd
INFO: [VRFC 10-2263] Analyzing Verilog file "E:/AD9371/hdl-hdl_2018_r1/projects/adrv9371x/kcu105/adrv9371x_kcu105.ip_user_files/bd/system/ip/system_mig_7series_0_0/system_mig_7series_0_0/user_design/rtl/axi/mig_7series_v4_0_axi_mc_wr_cmd_fsm.v" into library xil_defaultlib
INFO: [VRFC 10-311] analyzing module mig_7series_v4_0_axi_mc_wr_cmd_fsm
INFO: [VRFC 10-2263] Analyzing Verilog file "E:/AD9371/hdl-hdl_2018_r1/projects/adrv9371x/kcu105/adrv9371x_kcu105.ip_user_files/bd/system/ip/system_mig_7series_0_0/system_mig_7series_0_0/user_design/rtl/axi/mig_7series_v4_0_axi_mc_w_channel.v" into library xil_defaultlib
INFO: [VRFC 10-311] analyzing module mig_7series_v4_0_axi_mc_w_channel
INFO: [VRFC 10-2263] Analyzing Verilog file "E:/AD9371/hdl-hdl_2018_r1/projects/adrv9371x/kcu105/adrv9371x_kcu105.ip_user_files/bd/system/ip/system_mig_7series_0_0/system_mig_7series_0_0/user_design/rtl/axi/mig_7series_v4_0_ddr_axic_register_slice.v" into library xil_defaultlib
INFO: [VRFC 10-311] analyzing module mig_7series_v4_0_ddr_axic_register_slice
INFO: [VRFC 10-2263] Analyzing Verilog file "E:/AD9371/hdl-hdl_2018_r1/projects/adrv9371x/kcu105/adrv9371x_kcu105.ip_user_files/bd/system/ip/system_mig_7series_0_0/system_mig_7series_0_0/user_design/rtl/axi/mig_7series_v4_0_ddr_axi_register_slice.v" into library xil_defaultlib
INFO: [VRFC 10-311] analyzing module mig_7series_v4_0_ddr_axi_register_slice
INFO: [VRFC 10-2263] Analyzing Verilog file "E:/AD9371/hdl-hdl_2018_r1/projects/adrv9371x/kcu105/adrv9371x_kcu105.ip_user_files/bd/system/ip/system_mig_7series_0_0/system_mig_7series_0_0/user_design/rtl/axi/mig_7series_v4_0_ddr_axi_upsizer.v" into library xil_defaultlib
INFO: [VRFC 10-311] analyzing module mig_7series_v4_0_ddr_axi_upsizer
INFO: [VRFC 10-2263] Analyzing Verilog file "E:/AD9371/hdl-hdl_2018_r1/projects/adrv9371x/kcu105/adrv9371x_kcu105.ip_user_files/bd/system/ip/system_mig_7series_0_0/system_mig_7series_0_0/user_design/rtl/axi/mig_7series_v4_0_ddr_a_upsizer.v" into library xil_defaultlib
INFO: [VRFC 10-311] analyzing module mig_7series_v4_0_ddr_a_upsizer
INFO: [VRFC 10-2263] Analyzing Verilog file "E:/AD9371/hdl-hdl_2018_r1/projects/adrv9371x/kcu105/adrv9371x_kcu105.ip_user_files/bd/system/ip/system_mig_7series_0_0/system_mig_7series_0_0/user_design/rtl/axi/mig_7series_v4_0_ddr_carry_and.v" into library xil_defaultlib
INFO: [VRFC 10-311] analyzing module mig_7series_v4_0_ddr_carry_and
INFO: [VRFC 10-2263] Analyzing Verilog file "E:/AD9371/hdl-hdl_2018_r1/projects/adrv9371x/kcu105/adrv9371x_kcu105.ip_user_files/bd/system/ip/system_mig_7series_0_0/system_mig_7series_0_0/user_design/rtl/axi/mig_7series_v4_0_ddr_carry_latch_and.v" into library xil_defaultlib
INFO: [VRFC 10-311] analyzing module mig_7series_v4_0_ddr_carry_latch_and
INFO: [VRFC 10-2263] Analyzing Verilog file "E:/AD9371/hdl-hdl_2018_r1/projects/adrv9371x/kcu105/adrv9371x_kcu105.ip_user_files/bd/system/ip/system_mig_7series_0_0/system_mig_7series_0_0/user_design/rtl/axi/mig_7series_v4_0_ddr_carry_latch_or.v" into library xil_defaultlib
INFO: [VRFC 10-311] analyzing module mig_7series_v4_0_ddr_carry_latch_or
INFO: [VRFC 10-2263] Analyzing Verilog file "E:/AD9371/hdl-hdl_2018_r1/projects/adrv9371x/kcu105/adrv9371x_kcu105.ip_user_files/bd/system/ip/system_mig_7series_0_0/system_mig_7series_0_0/user_design/rtl/axi/mig_7series_v4_0_ddr_carry_or.v" into library xil_defaultlib
INFO: [VRFC 10-311] analyzing module mig_7series_v4_0_ddr_carry_or
INFO: [VRFC 10-2263] Analyzing Verilog file "E:/AD9371/hdl-hdl_2018_r1/projects/adrv9371x/kcu105/adrv9371x_kcu105.ip_user_files/bd/system/ip/system_mig_7series_0_0/system_mig_7series_0_0/user_design/rtl/axi/mig_7series_v4_0_ddr_command_fifo.v" into library xil_defaultlib
INFO: [VRFC 10-311] analyzing module mig_7series_v4_0_ddr_command_fifo
INFO: [VRFC 10-2263] Analyzing Verilog file "E:/AD9371/hdl-hdl_2018_r1/projects/adrv9371x/kcu105/adrv9371x_kcu105.ip_user_files/bd/system/ip/system_mig_7series_0_0/system_mig_7series_0_0/user_design/rtl/axi/mig_7series_v4_0_ddr_comparator.v" into library xil_defaultlib
INFO: [VRFC 10-311] analyzing module mig_7series_v4_0_ddr_comparator
INFO: [VRFC 10-2263] Analyzing Verilog file "E:/AD9371/hdl-hdl_2018_r1/projects/adrv9371x/kcu105/adrv9371x_kcu105.ip_user_files/bd/system/ip/system_mig_7series_0_0/system_mig_7series_0_0/user_design/rtl/axi/mig_7series_v4_0_ddr_comparator_sel.v" into library xil_defaultlib
INFO: [VRFC 10-311] analyzing module mig_7series_v4_0_ddr_comparator_sel
INFO: [VRFC 10-2263] Analyzing Verilog file "E:/AD9371/hdl-hdl_2018_r1/projects/adrv9371x/kcu105/adrv9371x_kcu105.ip_user_files/bd/system/ip/system_mig_7series_0_0/system_mig_7series_0_0/user_design/rtl/axi/mig_7series_v4_0_ddr_comparator_sel_static.v" into library xil_defaultlib
INFO: [VRFC 10-311] analyzing module mig_7series_v4_0_ddr_comparator_sel_static
INFO: [VRFC 10-2263] Analyzing Verilog file "E:/AD9371/hdl-hdl_2018_r1/projects/adrv9371x/kcu105/adrv9371x_kcu105.ip_user_files/bd/system/ip/system_mig_7series_0_0/system_mig_7series_0_0/user_design/rtl/axi/mig_7series_v4_0_ddr_r_upsizer.v" into library xil_defaultlib
INFO: [VRFC 10-311] analyzing module mig_7series_v4_0_ddr_r_upsizer
INFO: [VRFC 10-2263] Analyzing Verilog file "E:/AD9371/hdl-hdl_2018_r1/projects/adrv9371x/kcu105/adrv9371x_kcu105.ip_user_files/bd/system/ip/system_mig_7series_0_0/system_mig_7series_0_0/user_design/rtl/axi/mig_7series_v4_0_ddr_w_upsizer.v" into library xil_defaultlib
INFO: [VRFC 10-311] analyzing module mig_7series_v4_0_ddr_w_upsizer
INFO: [VRFC 10-2263] Analyzing Verilog file "E:/AD9371/hdl-hdl_2018_r1/projects/adrv9371x/kcu105/adrv9371x_kcu105.ip_user_files/bd/system/ip/system_mig_7series_0_0/system_mig_7series_0_0/user_design/rtl/clocking/mig_7series_v4_0_clk_ibuf.v" into library xil_defaultlib
INFO: [VRFC 10-311] analyzing module mig_7series_v4_0_clk_ibuf
INFO: [VRFC 10-2263] Analyzing Verilog file "E:/AD9371/hdl-hdl_2018_r1/projects/adrv9371x/kcu105/adrv9371x_kcu105.ip_user_files/bd/system/ip/system_mig_7series_0_0/system_mig_7series_0_0/user_design/rtl/clocking/mig_7series_v4_0_infrastructure.v" into library xil_defaultlib
INFO: [VRFC 10-311] analyzing module mig_7series_v4_0_infrastructure
INFO: [VRFC 10-2458] undeclared symbol pll_clkfbout, assumed default net type wire [E:/AD9371/hdl-hdl_2018_r1/projects/adrv9371x/kcu105/adrv9371x_kcu105.ip_user_files/bd/system/ip/system_mig_7series_0_0/system_mig_7series_0_0/user_design/rtl/clocking/mig_7series_v4_0_infrastructure.v:308]
INFO: [VRFC 10-2458] undeclared symbol clk_pll_i, assumed default net type wire [E:/AD9371/hdl-hdl_2018_r1/projects/adrv9371x/kcu105/adrv9371x_kcu105.ip_user_files/bd/system/ip/system_mig_7series_0_0/system_mig_7series_0_0/user_design/rtl/clocking/mig_7series_v4_0_infrastructure.v:342]
INFO: [VRFC 10-2263] Analyzing Verilog file "E:/AD9371/hdl-hdl_2018_r1/projects/adrv9371x/kcu105/adrv9371x_kcu105.ip_user_files/bd/system/ip/system_mig_7series_0_0/system_mig_7series_0_0/user_design/rtl/clocking/mig_7series_v4_0_iodelay_ctrl.v" into library xil_defaultlib
INFO: [VRFC 10-311] analyzing module mig_7series_v4_0_iodelay_ctrl
INFO: [VRFC 10-2263] Analyzing Verilog file "E:/AD9371/hdl-hdl_2018_r1/projects/adrv9371x/kcu105/adrv9371x_kcu105.ip_user_files/bd/system/ip/system_mig_7series_0_0/system_mig_7series_0_0/user_design/rtl/clocking/mig_7series_v4_0_tempmon.v" into library xil_defaultlib
INFO: [VRFC 10-311] analyzing module mig_7series_v4_0_tempmon
INFO: [VRFC 10-2263] Analyzing Verilog file "E:/AD9371/hdl-hdl_2018_r1/projects/adrv9371x/kcu105/adrv9371x_kcu105.ip_user_files/bd/system/ip/system_mig_7series_0_0/system_mig_7series_0_0/user_design/rtl/controller/mig_7series_v4_0_arb_mux.v" into library xil_defaultlib
INFO: [VRFC 10-311] analyzing module mig_7series_v4_0_arb_mux
INFO: [VRFC 10-2263] Analyzing Verilog file "E:/AD9371/hdl-hdl_2018_r1/projects/adrv9371x/kcu105/adrv9371x_kcu105.ip_user_files/bd/system/ip/system_mig_7series_0_0/system_mig_7series_0_0/user_design/rtl/controller/mig_7series_v4_0_arb_row_col.v" into library xil_defaultlib
INFO: [VRFC 10-311] analyzing module mig_7series_v4_0_arb_row_col
WARNING: [VRFC 10-2654] begin/end is required for generate-for in this mode of verilog [E:/AD9371/hdl-hdl_2018_r1/projects/adrv9371x/kcu105/adrv9371x_kcu105.ip_user_files/bd/system/ip/system_mig_7series_0_0/system_mig_7series_0_0/user_design/rtl/controller/mig_7series_v4_0_arb_row_col.v:252]
INFO: [VRFC 10-2263] Analyzing Verilog file "E:/AD9371/hdl-hdl_2018_r1/projects/adrv9371x/kcu105/adrv9371x_kcu105.ip_user_files/bd/system/ip/system_mig_7series_0_0/system_mig_7series_0_0/user_design/rtl/controller/mig_7series_v4_0_arb_select.v" into library xil_defaultlib
INFO: [VRFC 10-311] analyzing module mig_7series_v4_0_arb_select
INFO: [VRFC 10-2263] Analyzing Verilog file "E:/AD9371/hdl-hdl_2018_r1/projects/adrv9371x/kcu105/adrv9371x_kcu105.ip_user_files/bd/system/ip/system_mig_7series_0_0/system_mig_7series_0_0/user_design/rtl/controller/mig_7series_v4_0_bank_cntrl.v" into library xil_defaultlib
INFO: [VRFC 10-311] analyzing module mig_7series_v4_0_bank_cntrl
INFO: [VRFC 10-2263] Analyzing Verilog file "E:/AD9371/hdl-hdl_2018_r1/projects/adrv9371x/kcu105/adrv9371x_kcu105.ip_user_files/bd/system/ip/system_mig_7series_0_0/system_mig_7series_0_0/user_design/rtl/controller/mig_7series_v4_0_bank_common.v" into library xil_defaultlib
INFO: [VRFC 10-311] analyzing module mig_7series_v4_0_bank_common
INFO: [VRFC 10-2263] Analyzing Verilog file "E:/AD9371/hdl-hdl_2018_r1/projects/adrv9371x/kcu105/adrv9371x_kcu105.ip_user_files/bd/system/ip/system_mig_7series_0_0/system_mig_7series_0_0/user_design/rtl/controller/mig_7series_v4_0_bank_compare.v" into library xil_defaultlib
INFO: [VRFC 10-311] analyzing module mig_7series_v4_0_bank_compare
INFO: [VRFC 10-2263] Analyzing Verilog file "E:/AD9371/hdl-hdl_2018_r1/projects/adrv9371x/kcu105/adrv9371x_kcu105.ip_user_files/bd/system/ip/system_mig_7series_0_0/system_mig_7series_0_0/user_design/rtl/controller/mig_7series_v4_0_bank_mach.v" into library xil_defaultlib
INFO: [VRFC 10-311] analyzing module mig_7series_v4_0_bank_mach
INFO: [VRFC 10-2263] Analyzing Verilog file "E:/AD9371/hdl-hdl_2018_r1/projects/adrv9371x/kcu105/adrv9371x_kcu105.ip_user_files/bd/system/ip/system_mig_7series_0_0/system_mig_7series_0_0/user_design/rtl/controller/mig_7series_v4_0_bank_queue.v" into library xil_defaultlib
INFO: [VRFC 10-311] analyzing module mig_7series_v4_0_bank_queue
INFO: [VRFC 10-2263] Analyzing Verilog file "E:/AD9371/hdl-hdl_2018_r1/projects/adrv9371x/kcu105/adrv9371x_kcu105.ip_user_files/bd/system/ip/system_mig_7series_0_0/system_mig_7series_0_0/user_design/rtl/controller/mig_7series_v4_0_bank_state.v" into library xil_defaultlib
INFO: [VRFC 10-311] analyzing module mig_7series_v4_0_bank_state
INFO: [VRFC 10-2263] Analyzing Verilog file "E:/AD9371/hdl-hdl_2018_r1/projects/adrv9371x/kcu105/adrv9371x_kcu105.ip_user_files/bd/system/ip/system_mig_7series_0_0/system_mig_7series_0_0/user_design/rtl/controller/mig_7series_v4_0_col_mach.v" into library xil_defaultlib
INFO: [VRFC 10-311] analyzing module mig_7series_v4_0_col_mach
INFO: [VRFC 10-2263] Analyzing Verilog file "E:/AD9371/hdl-hdl_2018_r1/projects/adrv9371x/kcu105/adrv9371x_kcu105.ip_user_files/bd/system/ip/system_mig_7series_0_0/system_mig_7series_0_0/user_design/rtl/controller/mig_7series_v4_0_mc.v" into library xil_defaultlib
INFO: [VRFC 10-311] analyzing module mig_7series_v4_0_mc
INFO: [VRFC 10-2263] Analyzing Verilog file "E:/AD9371/hdl-hdl_2018_r1/projects/adrv9371x/kcu105/adrv9371x_kcu105.ip_user_files/bd/system/ip/system_mig_7series_0_0/system_mig_7series_0_0/user_design/rtl/controller/mig_7series_v4_0_rank_cntrl.v" into library xil_defaultlib
INFO: [VRFC 10-311] analyzing module mig_7series_v4_0_rank_cntrl
INFO: [VRFC 10-2263] Analyzing Verilog file "E:/AD9371/hdl-hdl_2018_r1/projects/adrv9371x/kcu105/adrv9371x_kcu105.ip_user_files/bd/system/ip/system_mig_7series_0_0/system_mig_7series_0_0/user_design/rtl/controller/mig_7series_v4_0_rank_common.v" into library xil_defaultlib
INFO: [VRFC 10-311] analyzing module mig_7series_v4_0_rank_common
INFO: [VRFC 10-2263] Analyzing Verilog file "E:/AD9371/hdl-hdl_2018_r1/projects/adrv9371x/kcu105/adrv9371x_kcu105.ip_user_files/bd/system/ip/system_mig_7series_0_0/system_mig_7series_0_0/user_design/rtl/controller/mig_7series_v4_0_rank_mach.v" into library xil_defaultlib
INFO: [VRFC 10-311] analyzing module mig_7series_v4_0_rank_mach
INFO: [VRFC 10-2263] Analyzing Verilog file "E:/AD9371/hdl-hdl_2018_r1/projects/adrv9371x/kcu105/adrv9371x_kcu105.ip_user_files/bd/system/ip/system_mig_7series_0_0/system_mig_7series_0_0/user_design/rtl/controller/mig_7series_v4_0_round_robin_arb.v" into library xil_defaultlib
INFO: [VRFC 10-311] analyzing module mig_7series_v4_0_round_robin_arb
INFO: [VRFC 10-2263] Analyzing Verilog file "E:/AD9371/hdl-hdl_2018_r1/projects/adrv9371x/kcu105/adrv9371x_kcu105.ip_user_files/bd/system/ip/system_mig_7series_0_0/system_mig_7series_0_0/user_design/rtl/ecc/mig_7series_v4_0_ecc_buf.v" into library xil_defaultlib
INFO: [VRFC 10-311] analyzing module mig_7series_v4_0_ecc_buf
INFO: [VRFC 10-2263] Analyzing Verilog file "E:/AD9371/hdl-hdl_2018_r1/projects/adrv9371x/kcu105/adrv9371x_kcu105.ip_user_files/bd/system/ip/system_mig_7series_0_0/system_mig_7series_0_0/user_design/rtl/ecc/mig_7series_v4_0_ecc_dec_fix.v" into library xil_defaultlib
INFO: [VRFC 10-311] analyzing module mig_7series_v4_0_ecc_dec_fix
INFO: [VRFC 10-2263] Analyzing Verilog file "E:/AD9371/hdl-hdl_2018_r1/projects/adrv9371x/kcu105/adrv9371x_kcu105.ip_user_files/bd/system/ip/system_mig_7series_0_0/system_mig_7series_0_0/user_design/rtl/ecc/mig_7series_v4_0_ecc_gen.v" into library xil_defaultlib
INFO: [VRFC 10-311] analyzing module mig_7series_v4_0_ecc_gen
INFO: [VRFC 10-2263] Analyzing Verilog file "E:/AD9371/hdl-hdl_2018_r1/projects/adrv9371x/kcu105/adrv9371x_kcu105.ip_user_files/bd/system/ip/system_mig_7series_0_0/system_mig_7series_0_0/user_design/rtl/ecc/mig_7series_v4_0_ecc_merge_enc.v" into library xil_defaultlib
INFO: [VRFC 10-311] analyzing module mig_7series_v4_0_ecc_merge_enc
INFO: [VRFC 10-2263] Analyzing Verilog file "E:/AD9371/hdl-hdl_2018_r1/projects/adrv9371x/kcu105/adrv9371x_kcu105.ip_user_files/bd/system/ip/system_mig_7series_0_0/system_mig_7series_0_0/user_design/rtl/ecc/mig_7series_v4_0_fi_xor.v" into library xil_defaultlib
INFO: [VRFC 10-311] analyzing module mig_7series_v4_0_fi_xor
INFO: [VRFC 10-2263] Analyzing Verilog file "E:/AD9371/hdl-hdl_2018_r1/projects/adrv9371x/kcu105/adrv9371x_kcu105.ip_user_files/bd/system/ip/system_mig_7series_0_0/system_mig_7series_0_0/user_design/rtl/ip_top/mig_7series_v4_0_memc_ui_top_axi.v" into library xil_defaultlib
INFO: [VRFC 10-311] analyzing module mig_7series_v4_0_memc_ui_top_axi
INFO: [VRFC 10-2263] Analyzing Verilog file "E:/AD9371/hdl-hdl_2018_r1/projects/adrv9371x/kcu105/adrv9371x_kcu105.ip_user_files/bd/system/ip/system_mig_7series_0_0/system_mig_7series_0_0/user_design/rtl/ip_top/mig_7series_v4_0_mem_intfc.v" into library xil_defaultlib
INFO: [VRFC 10-311] analyzing module mig_7series_v4_0_mem_intfc
INFO: [VRFC 10-2263] Analyzing Verilog file "E:/AD9371/hdl-hdl_2018_r1/projects/adrv9371x/kcu105/adrv9371x_kcu105.ip_user_files/bd/system/ip/system_mig_7series_0_0/system_mig_7series_0_0/user_design/rtl/phy/mig_7series_v4_0_ddr_byte_group_io.v" into library xil_defaultlib
INFO: [VRFC 10-311] analyzing module mig_7series_v4_0_ddr_byte_group_io
INFO: [VRFC 10-2263] Analyzing Verilog file "E:/AD9371/hdl-hdl_2018_r1/projects/adrv9371x/kcu105/adrv9371x_kcu105.ip_user_files/bd/system/ip/system_mig_7series_0_0/system_mig_7series_0_0/user_design/rtl/phy/mig_7series_v4_0_ddr_byte_lane.v" into library xil_defaultlib
INFO: [VRFC 10-311] analyzing module mig_7series_v4_0_ddr_byte_lane
INFO: [VRFC 10-2263] Analyzing Verilog file "E:/AD9371/hdl-hdl_2018_r1/projects/adrv9371x/kcu105/adrv9371x_kcu105.ip_user_files/bd/system/ip/system_mig_7series_0_0/system_mig_7series_0_0/user_design/rtl/phy/mig_7series_v4_0_ddr_calib_top.v" into library xil_defaultlib
INFO: [VRFC 10-311] analyzing module mig_7series_v4_0_ddr_calib_top
INFO: [VRFC 10-2263] Analyzing Verilog file "E:/AD9371/hdl-hdl_2018_r1/projects/adrv9371x/kcu105/adrv9371x_kcu105.ip_user_files/bd/system/ip/system_mig_7series_0_0/system_mig_7series_0_0/user_design/rtl/phy/mig_7series_v4_0_ddr_if_post_fifo.v" into library xil_defaultlib
INFO: [VRFC 10-311] analyzing module mig_7series_v4_0_ddr_if_post_fifo
INFO: [VRFC 10-2263] Analyzing Verilog file "E:/AD9371/hdl-hdl_2018_r1/projects/adrv9371x/kcu105/adrv9371x_kcu105.ip_user_files/bd/system/ip/system_mig_7series_0_0/system_mig_7series_0_0/user_design/rtl/phy/mig_7series_v4_0_ddr_mc_phy.v" into library xil_defaultlib
INFO: [VRFC 10-311] analyzing module mig_7series_v4_0_ddr_mc_phy
INFO: [VRFC 10-2263] Analyzing Verilog file "E:/AD9371/hdl-hdl_2018_r1/projects/adrv9371x/kcu105/adrv9371x_kcu105.ip_user_files/bd/system/ip/system_mig_7series_0_0/system_mig_7series_0_0/user_design/rtl/phy/mig_7series_v4_0_ddr_mc_phy_wrapper.v" into library xil_defaultlib
INFO: [VRFC 10-311] analyzing module mig_7series_v4_0_ddr_mc_phy_wrapper
INFO: [VRFC 10-2263] Analyzing Verilog file "E:/AD9371/hdl-hdl_2018_r1/projects/adrv9371x/kcu105/adrv9371x_kcu105.ip_user_files/bd/system/ip/system_mig_7series_0_0/system_mig_7series_0_0/user_design/rtl/phy/mig_7series_v4_0_ddr_of_pre_fifo.v" into library xil_defaultlib
INFO: [VRFC 10-311] analyzing module mig_7series_v4_0_ddr_of_pre_fifo
INFO: [VRFC 10-2263] Analyzing Verilog file "E:/AD9371/hdl-hdl_2018_r1/projects/adrv9371x/kcu105/adrv9371x_kcu105.ip_user_files/bd/system/ip/system_mig_7series_0_0/system_mig_7series_0_0/user_design/rtl/phy/mig_7series_v4_0_ddr_phy_4lanes.v" into library xil_defaultlib
INFO: [VRFC 10-311] analyzing module mig_7series_v4_0_ddr_phy_4lanes
INFO: [VRFC 10-2263] Analyzing Verilog file "E:/AD9371/hdl-hdl_2018_r1/projects/adrv9371x/kcu105/adrv9371x_kcu105.ip_user_files/bd/system/ip/system_mig_7series_0_0/system_mig_7series_0_0/user_design/rtl/phy/mig_7series_v4_0_ddr_phy_ck_addr_cmd_delay.v" into library xil_defaultlib
INFO: [VRFC 10-311] analyzing module mig_7series_v4_0_ddr_phy_ck_addr_cmd_delay
INFO: [VRFC 10-2263] Analyzing Verilog file "E:/AD9371/hdl-hdl_2018_r1/projects/adrv9371x/kcu105/adrv9371x_kcu105.ip_user_files/bd/system/ip/system_mig_7series_0_0/system_mig_7series_0_0/user_design/rtl/phy/mig_7series_v4_0_ddr_phy_dqs_found_cal.v" into library xil_defaultlib
INFO: [VRFC 10-311] analyzing module mig_7series_v4_0_ddr_phy_dqs_found_cal
INFO: [VRFC 10-2263] Analyzing Verilog file "E:/AD9371/hdl-hdl_2018_r1/projects/adrv9371x/kcu105/adrv9371x_kcu105.ip_user_files/bd/system/ip/system_mig_7series_0_0/system_mig_7series_0_0/user_design/rtl/phy/mig_7series_v4_0_ddr_phy_dqs_found_cal_hr.v" into library xil_defaultlib
INFO: [VRFC 10-311] analyzing module mig_7series_v4_0_ddr_phy_dqs_found_cal_hr
INFO: [VRFC 10-2263] Analyzing Verilog file "E:/AD9371/hdl-hdl_2018_r1/projects/adrv9371x/kcu105/adrv9371x_kcu105.ip_user_files/bd/system/ip/system_mig_7series_0_0/system_mig_7series_0_0/user_design/rtl/phy/mig_7series_v4_0_ddr_phy_init.v" into library xil_defaultlib
INFO: [VRFC 10-311] analyzing module mig_7series_v4_0_ddr_phy_init
INFO: [VRFC 10-2263] Analyzing Verilog file "E:/AD9371/hdl-hdl_2018_r1/projects/adrv9371x/kcu105/adrv9371x_kcu105.ip_user_files/bd/system/ip/system_mig_7series_0_0/system_mig_7series_0_0/user_design/rtl/phy/mig_7series_v4_0_ddr_phy_ocd_cntlr.v" into library xil_defaultlib
INFO: [VRFC 10-311] analyzing module mig_7series_v4_0_ddr_phy_ocd_cntlr
INFO: [VRFC 10-2263] Analyzing Verilog file "E:/AD9371/hdl-hdl_2018_r1/projects/adrv9371x/kcu105/adrv9371x_kcu105.ip_user_files/bd/system/ip/system_mig_7series_0_0/system_mig_7series_0_0/user_design/rtl/phy/mig_7series_v4_0_ddr_phy_ocd_data.v" into library xil_defaultlib
INFO: [VRFC 10-311] analyzing module mig_7series_v4_0_ddr_phy_ocd_data
INFO: [VRFC 10-2263] Analyzing Verilog file "E:/AD9371/hdl-hdl_2018_r1/projects/adrv9371x/kcu105/adrv9371x_kcu105.ip_user_files/bd/system/ip/system_mig_7series_0_0/system_mig_7series_0_0/user_design/rtl/phy/mig_7series_v4_0_ddr_phy_ocd_edge.v" into library xil_defaultlib
INFO: [VRFC 10-311] analyzing module mig_7series_v4_0_ddr_phy_ocd_edge
INFO: [VRFC 10-2263] Analyzing Verilog file "E:/AD9371/hdl-hdl_2018_r1/projects/adrv9371x/kcu105/adrv9371x_kcu105.ip_user_files/bd/system/ip/system_mig_7series_0_0/system_mig_7series_0_0/user_design/rtl/phy/mig_7series_v4_0_ddr_phy_ocd_lim.v" into library xil_defaultlib
INFO: [VRFC 10-311] analyzing module mig_7series_v4_0_ddr_phy_ocd_lim
INFO: [VRFC 10-2263] Analyzing Verilog file "E:/AD9371/hdl-hdl_2018_r1/projects/adrv9371x/kcu105/adrv9371x_kcu105.ip_user_files/bd/system/ip/system_mig_7series_0_0/system_mig_7series_0_0/user_design/rtl/phy/mig_7series_v4_0_ddr_phy_ocd_mux.v" into library xil_defaultlib
INFO: [VRFC 10-311] analyzing module mig_7series_v4_0_ddr_phy_ocd_mux
INFO: [VRFC 10-2263] Analyzing Verilog file "E:/AD9371/hdl-hdl_2018_r1/projects/adrv9371x/kcu105/adrv9371x_kcu105.ip_user_files/bd/system/ip/system_mig_7series_0_0/system_mig_7series_0_0/user_design/rtl/phy/mig_7series_v4_0_ddr_phy_ocd_po_cntlr.v" into library xil_defaultlib
INFO: [VRFC 10-311] analyzing module mig_7series_v4_0_ddr_phy_ocd_po_cntlr
INFO: [VRFC 10-2263] Analyzing Verilog file "E:/AD9371/hdl-hdl_2018_r1/projects/adrv9371x/kcu105/adrv9371x_kcu105.ip_user_files/bd/system/ip/system_mig_7series_0_0/system_mig_7series_0_0/user_design/rtl/phy/mig_7series_v4_0_ddr_phy_ocd_samp.v" into library xil_defaultlib
INFO: [VRFC 10-311] analyzing module mig_7series_v4_0_ddr_phy_ocd_samp
INFO: [VRFC 10-2263] Analyzing Verilog file "E:/AD9371/hdl-hdl_2018_r1/projects/adrv9371x/kcu105/adrv9371x_kcu105.ip_user_files/bd/system/ip/system_mig_7series_0_0/system_mig_7series_0_0/user_design/rtl/phy/mig_7series_v4_0_ddr_phy_oclkdelay_cal.v" into library xil_defaultlib
INFO: [VRFC 10-311] analyzing module mig_7series_v4_0_ddr_phy_oclkdelay_cal
INFO: [VRFC 10-2263] Analyzing Verilog file "E:/AD9371/hdl-hdl_2018_r1/projects/adrv9371x/kcu105/adrv9371x_kcu105.ip_user_files/bd/system/ip/system_mig_7series_0_0/system_mig_7series_0_0/user_design/rtl/phy/mig_7series_v4_0_ddr_phy_prbs_rdlvl.v" into library xil_defaultlib
INFO: [VRFC 10-311] analyzing module mig_7series_v4_0_ddr_phy_prbs_rdlvl
INFO: [VRFC 10-2263] Analyzing Verilog file "E:/AD9371/hdl-hdl_2018_r1/projects/adrv9371x/kcu105/adrv9371x_kcu105.ip_user_files/bd/system/ip/system_mig_7series_0_0/system_mig_7series_0_0/user_design/rtl/phy/mig_7series_v4_0_ddr_phy_rdlvl.v" into library xil_defaultlib
INFO: [VRFC 10-311] analyzing module mig_7series_v4_0_ddr_phy_rdlvl
INFO: [VRFC 10-2263] Analyzing Verilog file "E:/AD9371/hdl-hdl_2018_r1/projects/adrv9371x/kcu105/adrv9371x_kcu105.ip_user_files/bd/system/ip/system_mig_7series_0_0/system_mig_7series_0_0/user_design/rtl/phy/mig_7series_v4_0_ddr_phy_tempmon.v" into library xil_defaultlib
INFO: [VRFC 10-311] analyzing module mig_7series_v4_0_ddr_phy_tempmon
INFO: [VRFC 10-2263] Analyzing Verilog file "E:/AD9371/hdl-hdl_2018_r1/projects/adrv9371x/kcu105/adrv9371x_kcu105.ip_user_files/bd/system/ip/system_mig_7series_0_0/system_mig_7series_0_0/user_design/rtl/phy/mig_7series_v4_0_ddr_phy_top.v" into library xil_defaultlib
INFO: [VRFC 10-311] analyzing module mig_7series_v4_0_ddr_phy_top
INFO: [VRFC 10-2263] Analyzing Verilog file "E:/AD9371/hdl-hdl_2018_r1/projects/adrv9371x/kcu105/adrv9371x_kcu105.ip_user_files/bd/system/ip/system_mig_7series_0_0/system_mig_7series_0_0/user_design/rtl/phy/mig_7series_v4_0_ddr_phy_wrcal.v" into library xil_defaultlib
INFO: [VRFC 10-311] analyzing module mig_7series_v4_0_ddr_phy_wrcal
INFO: [VRFC 10-2263] Analyzing Verilog file "E:/AD9371/hdl-hdl_2018_r1/projects/adrv9371x/kcu105/adrv9371x_kcu105.ip_user_files/bd/system/ip/system_mig_7series_0_0/system_mig_7series_0_0/user_design/rtl/phy/mig_7series_v4_0_ddr_phy_wrlvl.v" into library xil_defaultlib
INFO: [VRFC 10-311] analyzing module mig_7series_v4_0_ddr_phy_wrlvl
INFO: [VRFC 10-2263] Analyzing Verilog file "E:/AD9371/hdl-hdl_2018_r1/projects/adrv9371x/kcu105/adrv9371x_kcu105.ip_user_files/bd/system/ip/system_mig_7series_0_0/system_mig_7series_0_0/user_design/rtl/phy/mig_7series_v4_0_ddr_phy_wrlvl_off_delay.v" into library xil_defaultlib
INFO: [VRFC 10-311] analyzing module mig_7series_v4_0_ddr_phy_wrlvl_off_delay
INFO: [VRFC 10-2263] Analyzing Verilog file "E:/AD9371/hdl-hdl_2018_r1/projects/adrv9371x/kcu105/adrv9371x_kcu105.ip_user_files/bd/system/ip/system_mig_7series_0_0/system_mig_7series_0_0/user_design/rtl/phy/mig_7series_v4_0_ddr_prbs_gen.v" into library xil_defaultlib
INFO: [VRFC 10-311] analyzing module mig_7series_v4_0_ddr_prbs_gen
INFO: [VRFC 10-2263] Analyzing Verilog file "E:/AD9371/hdl-hdl_2018_r1/projects/adrv9371x/kcu105/adrv9371x_kcu105.ip_user_files/bd/system/ip/system_mig_7series_0_0/system_mig_7series_0_0/user_design/rtl/phy/mig_7series_v4_0_ddr_skip_calib_tap.v" into library xil_defaultlib
INFO: [VRFC 10-311] analyzing module mig_7series_v4_0_ddr_skip_calib_tap
INFO: [VRFC 10-2263] Analyzing Verilog file "E:/AD9371/hdl-hdl_2018_r1/projects/adrv9371x/kcu105/adrv9371x_kcu105.ip_user_files/bd/system/ip/system_mig_7series_0_0/system_mig_7series_0_0/user_design/rtl/phy/mig_7series_v4_0_poc_cc.v" into library xil_defaultlib
INFO: [VRFC 10-311] analyzing module mig_7series_v4_0_poc_cc
INFO: [VRFC 10-2263] Analyzing Verilog file "E:/AD9371/hdl-hdl_2018_r1/projects/adrv9371x/kcu105/adrv9371x_kcu105.ip_user_files/bd/system/ip/system_mig_7series_0_0/system_mig_7series_0_0/user_design/rtl/phy/mig_7series_v4_0_poc_edge_store.v" into library xil_defaultlib
INFO: [VRFC 10-311] analyzing module mig_7series_v4_0_poc_edge_store
INFO: [VRFC 10-2263] Analyzing Verilog file "E:/AD9371/hdl-hdl_2018_r1/projects/adrv9371x/kcu105/adrv9371x_kcu105.ip_user_files/bd/system/ip/system_mig_7series_0_0/system_mig_7series_0_0/user_design/rtl/phy/mig_7series_v4_0_poc_meta.v" into library xil_defaultlib
INFO: [VRFC 10-311] analyzing module mig_7series_v4_0_poc_meta
INFO: [VRFC 10-2263] Analyzing Verilog file "E:/AD9371/hdl-hdl_2018_r1/projects/adrv9371x/kcu105/adrv9371x_kcu105.ip_user_files/bd/system/ip/system_mig_7series_0_0/system_mig_7series_0_0/user_design/rtl/phy/mig_7series_v4_0_poc_pd.v" into library xil_defaultlib
INFO: [VRFC 10-311] analyzing module mig_7series_v4_0_poc_pd
INFO: [VRFC 10-2263] Analyzing Verilog file "E:/AD9371/hdl-hdl_2018_r1/projects/adrv9371x/kcu105/adrv9371x_kcu105.ip_user_files/bd/system/ip/system_mig_7series_0_0/system_mig_7series_0_0/user_design/rtl/phy/mig_7series_v4_0_poc_tap_base.v" into library xil_defaultlib
INFO: [VRFC 10-311] analyzing module mig_7series_v4_0_poc_tap_base
INFO: [VRFC 10-2263] Analyzing Verilog file "E:/AD9371/hdl-hdl_2018_r1/projects/adrv9371x/kcu105/adrv9371x_kcu105.ip_user_files/bd/system/ip/system_mig_7series_0_0/system_mig_7series_0_0/user_design/rtl/phy/mig_7series_v4_0_poc_top.v" into library xil_defaultlib
INFO: [VRFC 10-311] analyzing module mig_7series_v4_0_poc_top
INFO: [VRFC 10-2263] Analyzing Verilog file "E:/AD9371/hdl-hdl_2018_r1/projects/adrv9371x/kcu105/adrv9371x_kcu105.ip_user_files/bd/system/ip/system_mig_7series_0_0/system_mig_7series_0_0/user_design/rtl/ui/mig_7series_v4_0_ui_cmd.v" into library xil_defaultlib
INFO: [VRFC 10-311] analyzing module mig_7series_v4_0_ui_cmd
INFO: [VRFC 10-2263] Analyzing Verilog file "E:/AD9371/hdl-hdl_2018_r1/projects/adrv9371x/kcu105/adrv9371x_kcu105.ip_user_files/bd/system/ip/system_mig_7series_0_0/system_mig_7series_0_0/user_design/rtl/ui/mig_7series_v4_0_ui_rd_data.v" into library xil_defaultlib
INFO: [VRFC 10-311] analyzing module mig_7series_v4_0_ui_rd_data
INFO: [VRFC 10-2263] Analyzing Verilog file "E:/AD9371/hdl-hdl_2018_r1/projects/adrv9371x/kcu105/adrv9371x_kcu105.ip_user_files/bd/system/ip/system_mig_7series_0_0/system_mig_7series_0_0/user_design/rtl/ui/mig_7series_v4_0_ui_top.v" into library xil_defaultlib
INFO: [VRFC 10-311] analyzing module mig_7series_v4_0_ui_top
INFO: [VRFC 10-2263] Analyzing Verilog file "E:/AD9371/hdl-hdl_2018_r1/projects/adrv9371x/kcu105/adrv9371x_kcu105.ip_user_files/bd/system/ip/system_mig_7series_0_0/system_mig_7series_0_0/user_design/rtl/ui/mig_7series_v4_0_ui_wr_data.v" into library xil_defaultlib
INFO: [VRFC 10-311] analyzing module mig_7series_v4_0_ui_wr_data
INFO: [VRFC 10-2263] Analyzing Verilog file "E:/AD9371/hdl-hdl_2018_r1/projects/adrv9371x/kcu105/adrv9371x_kcu105.ip_user_files/bd/system/ip/system_mig_7series_0_0/system_mig_7series_0_0/user_design/rtl/system_mig_7series_0_0_mig_sim.v" into library xil_defaultlib
INFO: [VRFC 10-311] analyzing module system_mig_7series_0_0_mig
INFO: [VRFC 10-2458] undeclared symbol dbg_sel_po_incdec, assumed default net type wire [E:/AD9371/hdl-hdl_2018_r1/projects/adrv9371x/kcu105/adrv9371x_kcu105.ip_user_files/bd/system/ip/system_mig_7series_0_0/system_mig_7series_0_0/user_design/rtl/system_mig_7series_0_0_mig_sim.v:1258]
INFO: [VRFC 10-2458] undeclared symbol dbg_po_f_inc, assumed default net type wire [E:/AD9371/hdl-hdl_2018_r1/projects/adrv9371x/kcu105/adrv9371x_kcu105.ip_user_files/bd/system/ip/system_mig_7series_0_0/system_mig_7series_0_0/user_design/rtl/system_mig_7series_0_0_mig_sim.v:1262]
INFO: [VRFC 10-2458] undeclared symbol dbg_po_f_stg23_sel, assumed default net type wire [E:/AD9371/hdl-hdl_2018_r1/projects/adrv9371x/kcu105/adrv9371x_kcu105.ip_user_files/bd/system/ip/system_mig_7series_0_0/system_mig_7series_0_0/user_design/rtl/system_mig_7series_0_0_mig_sim.v:1263]
INFO: [VRFC 10-2458] undeclared symbol dbg_po_f_dec, assumed default net type wire [E:/AD9371/hdl-hdl_2018_r1/projects/adrv9371x/kcu105/adrv9371x_kcu105.ip_user_files/bd/system/ip/system_mig_7series_0_0/system_mig_7series_0_0/user_design/rtl/system_mig_7series_0_0_mig_sim.v:1264]
INFO: [VRFC 10-2263] Analyzing Verilog file "E:/AD9371/hdl-hdl_2018_r1/projects/adrv9371x/kcu105/adrv9371x_kcu105.ip_user_files/bd/system/ip/system_mig_7series_0_0/system_mig_7series_0_0/user_design/rtl/system_mig_7series_0_0.v" into library xil_defaultlib
INFO: [VRFC 10-311] analyzing module system_mig_7series_0_0
INFO: [VRFC 10-2263] Analyzing Verilog file "E:/AD9371/hdl-hdl_2018_r1/projects/adrv9371x/kcu105/adrv9371x_kcu105.ip_user_files/bd/system/ip/system_xbar_1/sim/system_xbar_1.v" into library xil_defaultlib
INFO: [VRFC 10-311] analyzing module system_xbar_1
INFO: [VRFC 10-2263] Analyzing Verilog file "E:/AD9371/hdl-hdl_2018_r1/projects/adrv9371x/kcu105/adrv9371x_kcu105.ip_user_files/bd/system/ip/system_xbar_0/sim/system_xbar_0.v" into library xil_defaultlib
INFO: [VRFC 10-311] analyzing module system_xbar_0
INFO: [VRFC 10-2263] Analyzing Verilog file "E:/AD9371/hdl-hdl_2018_r1/projects/adrv9371x/kcu105/adrv9371x_kcu105.ip_user_files/bd/system/ip/system_s00_mmu_0/sim/system_s00_mmu_0.v" into library xil_defaultlib
INFO: [VRFC 10-311] analyzing module system_s00_mmu_0
INFO: [VRFC 10-2263] Analyzing Verilog file "E:/AD9371/hdl-hdl_2018_r1/projects/adrv9371x/kcu105/adrv9371x_kcu105.ip_user_files/bd/system/ip/system_s01_mmu_0/sim/system_s01_mmu_0.v" into library xil_defaultlib
INFO: [VRFC 10-311] analyzing module system_s01_mmu_0
INFO: [VRFC 10-2263] Analyzing Verilog file "E:/AD9371/hdl-hdl_2018_r1/projects/adrv9371x/kcu105/adrv9371x_kcu105.ip_user_files/bd/system/ip/system_s02_mmu_0/sim/system_s02_mmu_0.v" into library xil_defaultlib
INFO: [VRFC 10-311] analyzing module system_s02_mmu_0
INFO: [VRFC 10-2263] Analyzing Verilog file "E:/AD9371/hdl-hdl_2018_r1/projects/adrv9371x/kcu105/adrv9371x_kcu105.ip_user_files/bd/system/ip/system_s03_mmu_0/sim/system_s03_mmu_0.v" into library xil_defaultlib
INFO: [VRFC 10-311] analyzing module system_s03_mmu_0
INFO: [VRFC 10-2263] Analyzing Verilog file "E:/AD9371/hdl-hdl_2018_r1/projects/adrv9371x/kcu105/adrv9371x_kcu105.ip_user_files/bd/system/ip/system_s04_mmu_0/sim/system_s04_mmu_0.v" into library xil_defaultlib
INFO: [VRFC 10-311] analyzing module system_s04_mmu_0
INFO: [VRFC 10-2263] Analyzing Verilog file "E:/AD9371/hdl-hdl_2018_r1/projects/adrv9371x/kcu105/adrv9371x_kcu105.ip_user_files/bd/system/ip/system_s05_mmu_0/sim/system_s05_mmu_0.v" into library xil_defaultlib
INFO: [VRFC 10-311] analyzing module system_s05_mmu_0
INFO: [VRFC 10-2263] Analyzing Verilog file "E:/AD9371/hdl-hdl_2018_r1/projects/adrv9371x/kcu105/adrv9371x_kcu105.ip_user_files/bd/system/ip/system_s06_mmu_0/sim/system_s06_mmu_0.v" into library xil_defaultlib
INFO: [VRFC 10-311] analyzing module system_s06_mmu_0
INFO: [VRFC 10-2263] Analyzing Verilog file "E:/AD9371/hdl-hdl_2018_r1/projects/adrv9371x/kcu105/adrv9371x_kcu105.ip_user_files/bd/system/ip/system_s07_mmu_0/sim/system_s07_mmu_0.v" into library xil_defaultlib
INFO: [VRFC 10-311] analyzing module system_s07_mmu_0
INFO: [VRFC 10-2263] Analyzing Verilog file "E:/AD9371/hdl-hdl_2018_r1/projects/adrv9371x/kcu105/adrv9371x_kcu105.ip_user_files/bd/system/ip/system_s08_mmu_0/sim/system_s08_mmu_0.v" into library xil_defaultlib
INFO: [VRFC 10-311] analyzing module system_s08_mmu_0
INFO: [VRFC 10-2263] Analyzing Verilog file "E:/AD9371/hdl-hdl_2018_r1/projects/adrv9371x/kcu105/adrv9371x_kcu105.ip_user_files/bd/system/ip/system_s09_mmu_0/sim/system_s09_mmu_0.v" into library xil_defaultlib
INFO: [VRFC 10-311] analyzing module system_s09_mmu_0
INFO: [VRFC 10-2263] Analyzing Verilog file "E:/AD9371/hdl-hdl_2018_r1/projects/adrv9371x/kcu105/adrv9371x_kcu105.ip_user_files/bd/system/ip/system_auto_cc_0/sim/system_auto_cc_0.v" into library xil_defaultlib
INFO: [VRFC 10-311] analyzing module system_auto_cc_0
INFO: [VRFC 10-2263] Analyzing Verilog file "E:/AD9371/hdl-hdl_2018_r1/projects/adrv9371x/kcu105/adrv9371x_kcu105.ip_user_files/bd/system/ip/system_auto_us_cc_df_2/sim/system_auto_us_cc_df_2.v" into library xil_defaultlib
INFO: [VRFC 10-311] analyzing module system_auto_us_cc_df_2
INFO: [VRFC 10-2263] Analyzing Verilog file "E:/AD9371/hdl-hdl_2018_r1/projects/adrv9371x/kcu105/adrv9371x_kcu105.ip_user_files/bd/system/ip/system_auto_us_cc_df_1/sim/system_auto_us_cc_df_1.v" into library xil_defaultlib
INFO: [VRFC 10-311] analyzing module system_auto_us_cc_df_1
INFO: [VRFC 10-2263] Analyzing Verilog file "E:/AD9371/hdl-hdl_2018_r1/projects/adrv9371x/kcu105/adrv9371x_kcu105.ip_user_files/bd/system/ip/system_auto_us_cc_df_0/sim/system_auto_us_cc_df_0.v" into library xil_defaultlib
INFO: [VRFC 10-311] analyzing module system_auto_us_cc_df_0
INFO: [VRFC 10-2263] Analyzing Verilog file "E:/AD9371/hdl-hdl_2018_r1/projects/adrv9371x/kcu105/adrv9371x_kcu105.ip_user_files/bd/system/ip/system_auto_pc_1/sim/system_auto_pc_1.v" into library xil_defaultlib
INFO: [VRFC 10-311] analyzing module system_auto_pc_1
INFO: [VRFC 10-2263] Analyzing Verilog file "E:/AD9371/hdl-hdl_2018_r1/projects/adrv9371x/kcu105/adrv9371x_kcu105.ip_user_files/bd/system/ip/system_auto_us_df_6/sim/system_auto_us_df_6.v" into library xil_defaultlib
INFO: [VRFC 10-311] analyzing module system_auto_us_df_6
INFO: [VRFC 10-2263] Analyzing Verilog file "E:/AD9371/hdl-hdl_2018_r1/projects/adrv9371x/kcu105/adrv9371x_kcu105.ip_user_files/bd/system/ip/system_auto_pc_0/sim/system_auto_pc_0.v" into library xil_defaultlib
INFO: [VRFC 10-311] analyzing module system_auto_pc_0
INFO: [VRFC 10-2263] Analyzing Verilog file "E:/AD9371/hdl-hdl_2018_r1/projects/adrv9371x/kcu105/adrv9371x_kcu105.ip_user_files/bd/system/ip/system_auto_us_df_5/sim/system_auto_us_df_5.v" into library xil_defaultlib
INFO: [VRFC 10-311] analyzing module system_auto_us_df_5
INFO: [VRFC 10-2263] Analyzing Verilog file "E:/AD9371/hdl-hdl_2018_r1/projects/adrv9371x/kcu105/adrv9371x_kcu105.ip_user_files/bd/system/ip/system_auto_us_df_4/sim/system_auto_us_df_4.v" into library xil_defaultlib
INFO: [VRFC 10-311] analyzing module system_auto_us_df_4
INFO: [VRFC 10-2263] Analyzing Verilog file "E:/AD9371/hdl-hdl_2018_r1/projects/adrv9371x/kcu105/adrv9371x_kcu105.ip_user_files/bd/system/ip/system_auto_us_df_3/sim/system_auto_us_df_3.v" into library xil_defaultlib
INFO: [VRFC 10-311] analyzing module system_auto_us_df_3
INFO: [VRFC 10-2263] Analyzing Verilog file "E:/AD9371/hdl-hdl_2018_r1/projects/adrv9371x/kcu105/adrv9371x_kcu105.ip_user_files/bd/system/ip/system_auto_us_df_2/sim/system_auto_us_df_2.v" into library xil_defaultlib
INFO: [VRFC 10-311] analyzing module system_auto_us_df_2
INFO: [VRFC 10-2263] Analyzing Verilog file "E:/AD9371/hdl-hdl_2018_r1/projects/adrv9371x/kcu105/adrv9371x_kcu105.ip_user_files/bd/system/ip/system_auto_us_df_1/sim/system_auto_us_df_1.v" into library xil_defaultlib
INFO: [VRFC 10-311] analyzing module system_auto_us_df_1
INFO: [VRFC 10-2263] Analyzing Verilog file "E:/AD9371/hdl-hdl_2018_r1/projects/adrv9371x/kcu105/adrv9371x_kcu105.ip_user_files/bd/system/ip/system_auto_us_df_0/sim/system_auto_us_df_0.v" into library xil_defaultlib
INFO: [VRFC 10-311] analyzing module system_auto_us_df_0
INFO: [VRFC 10-2263] Analyzing Verilog file "E:/AD9371/hdl-hdl_2018_r1/projects/adrv9371x/kcu105/adrv9371x_kcu105.ip_user_files/bd/system/ip/system_tier2_xbar_0_0/sim/system_tier2_xbar_0_0.v" into library xil_defaultlib
INFO: [VRFC 10-311] analyzing module system_tier2_xbar_0_0
INFO: [VRFC 10-2263] Analyzing Verilog file "E:/AD9371/hdl-hdl_2018_r1/projects/adrv9371x/kcu105/adrv9371x_kcu105.ip_user_files/bd/system/ip/system_tier2_xbar_1_0/sim/system_tier2_xbar_1_0.v" into library xil_defaultlib
INFO: [VRFC 10-311] analyzing module system_tier2_xbar_1_0
INFO: [VRFC 10-2263] Analyzing Verilog file "E:/AD9371/hdl-hdl_2018_r1/projects/adrv9371x/kcu105/adrv9371x_kcu105.ip_user_files/bd/system/ip/system_tier2_xbar_2_0/sim/system_tier2_xbar_2_0.v" into library xil_defaultlib
INFO: [VRFC 10-311] analyzing module system_tier2_xbar_2_0
INFO: [VRFC 10-2263] Analyzing Verilog file "E:/AD9371/hdl-hdl_2018_r1/projects/adrv9371x/kcu105/adrv9371x_kcu105.ip_user_files/bd/system/sim/system.v" into library xil_defaultlib
INFO: [VRFC 10-311] analyzing module axi_ad9371_rx_jesd_imp_GUTUBY
INFO: [VRFC 10-311] analyzing module axi_ad9371_rx_os_jesd_imp_73WW27
INFO: [VRFC 10-311] analyzing module axi_ad9371_tx_jesd_imp_17BPCLV
INFO: [VRFC 10-311] analyzing module i00_couplers_imp_KQSTVX
INFO: [VRFC 10-311] analyzing module i01_couplers_imp_1RG3T24
INFO: [VRFC 10-311] analyzing module i02_couplers_imp_1KZKN5A
INFO: [VRFC 10-311] analyzing module m00_couplers_imp_I5GH1N
INFO: [VRFC 10-311] analyzing module m00_couplers_imp_R61KWR
INFO: [VRFC 10-311] analyzing module m01_couplers_imp_1UBGIXM
INFO: [VRFC 10-311] analyzing module m02_couplers_imp_1J5P44O
INFO: [VRFC 10-311] analyzing module m03_couplers_imp_T17W6X
INFO: [VRFC 10-311] analyzing module m04_couplers_imp_15FU5SC
INFO: [VRFC 10-311] analyzing module m05_couplers_imp_GFBASD
INFO: [VRFC 10-311] analyzing module m06_couplers_imp_59JXRJ
INFO: [VRFC 10-311] analyzing module m07_couplers_imp_1GBLMBI
INFO: [VRFC 10-311] analyzing module m08_couplers_imp_E05M9W
INFO: [VRFC 10-311] analyzing module m09_couplers_imp_17AVPN9
INFO: [VRFC 10-311] analyzing module m10_couplers_imp_1J5SI6G
INFO: [VRFC 10-311] analyzing module m11_couplers_imp_T19VO9
INFO: [VRFC 10-311] analyzing module m12_couplers_imp_I5JGX7
INFO: [VRFC 10-311] analyzing module m13_couplers_imp_1UBI48Q
INFO: [VRFC 10-311] analyzing module m14_couplers_imp_59NWCV
INFO: [VRFC 10-311] analyzing module m15_couplers_imp_1GBO6CE
INFO: [VRFC 10-311] analyzing module m16_couplers_imp_15FXTD8
INFO: [VRFC 10-311] analyzing module m17_couplers_imp_GFDJST
INFO: [VRFC 10-311] analyzing module m18_couplers_imp_1EGMMH3
INFO: [VRFC 10-311] analyzing module m19_couplers_imp_7OTKUU
INFO: [VRFC 10-311] analyzing module m20_couplers_imp_15FR2BW
INFO: [VRFC 10-311] analyzing module m21_couplers_imp_GFT3J1
INFO: [VRFC 10-311] analyzing module s00_couplers_imp_NYY8AY
INFO: [VRFC 10-311] analyzing module s00_couplers_imp_WZLZH6
INFO: [VRFC 10-311] analyzing module s01_couplers_imp_1WTPGKB
INFO: [VRFC 10-311] analyzing module s02_couplers_imp_1M7AY21
INFO: [VRFC 10-311] analyzing module s03_couplers_imp_ZFB4VS
INFO: [VRFC 10-311] analyzing module s04_couplers_imp_105UVIL
INFO: [VRFC 10-311] analyzing module s05_couplers_imp_C9WPEK
INFO: [VRFC 10-311] analyzing module s06_couplers_imp_1NI8A6
INFO: [VRFC 10-311] analyzing module s07_couplers_imp_1BM7TVJ
INFO: [VRFC 10-311] analyzing module s08_couplers_imp_AE9DQD
INFO: [VRFC 10-311] analyzing module s09_couplers_imp_12LNQDW
INFO: [VRFC 10-311] analyzing module system
INFO: [VRFC 10-311] analyzing module system_axi_cpu_interconnect_0
INFO: [VRFC 10-311] analyzing module system_axi_mem_interconnect_0
INFO: [VRFC 10-2263] Analyzing Verilog file "E:/AD9371/hdl-hdl_2018_r1/library/xilinx/common/ad_iobuf.v" into library xil_defaultlib
INFO: [VRFC 10-311] analyzing module ad_iobuf
INFO: [VRFC 10-2263] Analyzing Verilog file "E:/AD9371/hdl-hdl_2018_r1/projects/adrv9371x/kcu105/adrv9371x_kcu105.srcs/sources_1/bd/system/hdl/system_wrapper.v" into library xil_defaultlib
INFO: [VRFC 10-311] analyzing module system_wrapper
INFO: [VRFC 10-2263] Analyzing Verilog file "E:/AD9371/hdl-hdl_2018_r1/projects/adrv9371x/kcu105/system_top.v" into library xil_defaultlib
INFO: [VRFC 10-311] analyzing module system_top
INFO: [VRFC 10-2263] Analyzing Verilog file "E:/AD9371/hdl-hdl_2018_r1/projects/adrv9371x/kcu105/adrv9371x_kcu105.sim/sim_1/behav/xsim/glbl.v" into library xil_defaultlib
INFO: [VRFC 10-311] analyzing module glbl
