Exception at PC 0x000007FEFD73A06D
Exception at PC 0x000007FEFD73A06D
Exception at PC 0x000007FEFD73A06D
Exception at PC 0x000007FEFD73A06D
Exception at PC 0x000007FEBE9CE132
Attemped to write at address 0x000007FEF1474AA4
Printing stacktrace...

[0]  [0x000007FEBE9CE132]
[1]  [0x000007FEBE9CE132]
[2]  [0x000007FEBE9CE194]
[3]  [0x000007FEBE61D0D7]
[4]  [0x000007FEBE502BCA]
[5]  [0x000007FEBE502FD1]
[6]  [0x000007FEBE9CEB2F]
[7]  [0x000007FEBE88C19D]
[8]  [0x000007FEBE885942]
[9]  [0x000007FEBE885AB5]
[10] (LdrShutdownProcess+0x1d1) [0x0000000077532AC1]
[11] (RtlExitUserProcess+0x90) [0x00000000775328D0]
[12] (wcstoui64+0x2fa) [0x000007FEFD8999E2]
[13]  [0x00000000004014CD]
[14]  [0x000000000040151B]
[15] (BaseThreadInitThunk+0xd) [0x00000000773059CD]
[16] (RtlUserThreadStart+0x21) [0x000000007753A561]
Done
